{
  "stats": {
    "suites": 12,
    "tests": 41,
    "passes": 22,
    "pending": 0,
    "failures": 19,
    "start": "2022-08-04T15:23:41.708Z",
    "end": "2022-08-04T15:25:17.194Z",
    "duration": 95486,
    "testsRegistered": 41,
    "passPercent": 53.65853658536586,
    "pendingPercent": 0,
    "other": 0,
    "hasOther": false,
    "skipped": 0,
    "hasSkipped": false
  },
  "results": [
    {
      "uuid": "55734fbb-7215-4b70-b828-80e6ded92488",
      "title": "",
      "fullFile": "cypress/integration/project.spec.js",
      "file": "cypress/integration/project.spec.js",
      "beforeHooks": [],
      "afterHooks": [],
      "tests": [],
      "suites": [
        {
          "uuid": "adde50ef-06bc-45ec-8579-79c9408cda48",
          "title": "1 - Adicione à página o título \"Paleta de Cores\"",
          "fullFile": "",
          "file": "",
          "beforeHooks": [],
          "afterHooks": [],
          "tests": [
            {
              "title": "Verifica se contém um elemento `h1` com o id `title` com o título correto",
              "fullTitle": "1 - Adicione à página o título \"Paleta de Cores\" Verifica se contém um elemento `h1` com o id `title` com o título correto",
              "timedOut": null,
              "duration": 149,
              "state": "passed",
              "speed": "slow",
              "pass": true,
              "fail": false,
              "pending": false,
              "context": null,
              "code": "cy.get('h1#title').should('contain.text', 'Paleta de Cores');",
              "err": {},
              "uuid": "91944ee0-6a88-45bc-ab49-dd4d71a924a9",
              "parentUUID": "adde50ef-06bc-45ec-8579-79c9408cda48",
              "isHook": false,
              "skipped": false
            }
          ],
          "suites": [],
          "passes": [
            "91944ee0-6a88-45bc-ab49-dd4d71a924a9"
          ],
          "failures": [],
          "pending": [],
          "skipped": [],
          "duration": 149,
          "root": false,
          "rootEmpty": false,
          "_timeout": 2000
        },
        {
          "uuid": "96c5855a-e8e5-4511-9f60-b6c246e980de",
          "title": "2 - Adicione à página uma paleta contendo quatro cores distintas",
          "fullFile": "",
          "file": "",
          "beforeHooks": [],
          "afterHooks": [],
          "tests": [
            {
              "title": "A paleta de cores deve ser um elemento com `id` denominado `color-palette` e ter mais de 0px de altura e de largura.",
              "fullTitle": "2 - Adicione à página uma paleta contendo quatro cores distintas A paleta de cores deve ser um elemento com `id` denominado `color-palette` e ter mais de 0px de altura e de largura.",
              "timedOut": null,
              "duration": 81,
              "state": "passed",
              "speed": "slow",
              "pass": true,
              "fail": false,
              "pending": false,
              "context": null,
              "code": "cy.get('#color-palette').should('be.visible');\ncy.get('#color-palette').children('.color');",
              "err": {},
              "uuid": "11552a86-ebda-41b0-ba18-92314eae4bea",
              "parentUUID": "96c5855a-e8e5-4511-9f60-b6c246e980de",
              "isHook": false,
              "skipped": false
            },
            {
              "title": "Verifica se cada cor individual da paleta de cores possui a `classe` chamada `color`.",
              "fullTitle": "2 - Adicione à página uma paleta contendo quatro cores distintas Verifica se cada cor individual da paleta de cores possui a `classe` chamada `color`.",
              "timedOut": null,
              "duration": 162,
              "state": "passed",
              "speed": "slow",
              "pass": true,
              "fail": false,
              "pending": false,
              "context": null,
              "code": "cy.get('.color').should('have.length', 4).then(function (colors) {\n  for (var i = 0; i < colors.length; i++) {\n    cy.wrap(colors[i]).should('be.visible');\n  }\n});",
              "err": {},
              "uuid": "f2d01344-eddb-420a-908d-d6a2a1b7f621",
              "parentUUID": "96c5855a-e8e5-4511-9f60-b6c246e980de",
              "isHook": false,
              "skipped": false
            },
            {
              "title": "Verifica se a cor de fundo de cada elemento da paleta é a cor que o elemento representa. **A única cor não permitida na paleta é a cor branca.**",
              "fullTitle": "2 - Adicione à página uma paleta contendo quatro cores distintas Verifica se a cor de fundo de cada elemento da paleta é a cor que o elemento representa. **A única cor não permitida na paleta é a cor branca.**",
              "timedOut": null,
              "duration": 108,
              "state": "passed",
              "speed": "slow",
              "pass": true,
              "fail": false,
              "pending": false,
              "context": null,
              "code": "cy.get('.color').each(function (color) {\n  cy.wrap(color).should('have.class', 'color').and('not.have.css', 'background-color', WHITE);\n  cy.wrap(color).should('have.css', 'background-color');\n});",
              "err": {},
              "uuid": "b2fafbfe-80a8-4801-bf65-1ebe20bb70e7",
              "parentUUID": "96c5855a-e8e5-4511-9f60-b6c246e980de",
              "isHook": false,
              "skipped": false
            },
            {
              "title": "Verifica se cada elemento da paleta de cores tem uma borda preta, sólida e com 1 pixel de largura;",
              "fullTitle": "2 - Adicione à página uma paleta contendo quatro cores distintas Verifica se cada elemento da paleta de cores tem uma borda preta, sólida e com 1 pixel de largura;",
              "timedOut": null,
              "duration": 167,
              "state": "passed",
              "speed": "slow",
              "pass": true,
              "fail": false,
              "pending": false,
              "context": null,
              "code": "cy.get('.color').each(function (color) {\n  cy.wrap(color).and('have.css', 'border', \"1px solid \".concat(BLACK)).and('have.class', 'color');\n});",
              "err": {},
              "uuid": "cd1ffcae-3dc0-4923-9aab-941e3cf66101",
              "parentUUID": "96c5855a-e8e5-4511-9f60-b6c246e980de",
              "isHook": false,
              "skipped": false
            },
            {
              "title": "Verifica se a paleta lista todas as cores disponíveis para utilização, lado a lado.",
              "fullTitle": "2 - Adicione à página uma paleta contendo quatro cores distintas Verifica se a paleta lista todas as cores disponíveis para utilização, lado a lado.",
              "timedOut": null,
              "duration": 127,
              "state": "passed",
              "speed": "slow",
              "pass": true,
              "fail": false,
              "pending": false,
              "context": null,
              "code": "cy.get('.color').then(function (colors) {\n  for (var index = 1; index < colors.length; index += 1) {\n    var currentColor = colors[index];\n    var previousColor = colors[index - 1];\n    cy.wrap(currentColor).should('be.onTheRightOf', previousColor).and('be.horizontallyAlignedWith', previousColor);\n  }\n});",
              "err": {},
              "uuid": "e6ed8fdf-4bdc-4ff8-b08a-cdf8fa0cca1c",
              "parentUUID": "96c5855a-e8e5-4511-9f60-b6c246e980de",
              "isHook": false,
              "skipped": false
            },
            {
              "title": "Verifica se a paleta de cores está posicionada abaixo do título 'Paleta de Cores'",
              "fullTitle": "2 - Adicione à página uma paleta contendo quatro cores distintas Verifica se a paleta de cores está posicionada abaixo do título 'Paleta de Cores'",
              "timedOut": null,
              "duration": 153,
              "state": "passed",
              "speed": "slow",
              "pass": true,
              "fail": false,
              "pending": false,
              "context": null,
              "code": "cy.get('h1#title').then(function (title) {\n  cy.get('#color-palette').should('be.belowOf', title);\n});",
              "err": {},
              "uuid": "c85bf0f0-182c-4cfb-9d5a-0232a3b2f4e9",
              "parentUUID": "96c5855a-e8e5-4511-9f60-b6c246e980de",
              "isHook": false,
              "skipped": false
            },
            {
              "title": "Verifica se a paleta de cores não contém cores repetidas.",
              "fullTitle": "2 - Adicione à página uma paleta contendo quatro cores distintas Verifica se a paleta de cores não contém cores repetidas.",
              "timedOut": null,
              "duration": 85,
              "state": "passed",
              "speed": "slow",
              "pass": true,
              "fail": false,
              "pending": false,
              "context": null,
              "code": "cy.get('.color').then(function (colors) {\n  var allColors = Array.from(colors).map(function (color) {\n    return Cypress.$(color).css('background-color');\n  });\n  cy.log(allColors);\n  var uniqColors = (0, _toConsumableArray2[\"default\"])(new Set(allColors));\n  cy.log(uniqColors);\n  expect(allColors.length).to.eq(uniqColors.length);\n});",
              "err": {},
              "uuid": "64e7f672-f377-42fd-8bc1-19dfc0c87931",
              "parentUUID": "96c5855a-e8e5-4511-9f60-b6c246e980de",
              "isHook": false,
              "skipped": false
            }
          ],
          "suites": [],
          "passes": [
            "11552a86-ebda-41b0-ba18-92314eae4bea",
            "f2d01344-eddb-420a-908d-d6a2a1b7f621",
            "b2fafbfe-80a8-4801-bf65-1ebe20bb70e7",
            "cd1ffcae-3dc0-4923-9aab-941e3cf66101",
            "e6ed8fdf-4bdc-4ff8-b08a-cdf8fa0cca1c",
            "c85bf0f0-182c-4cfb-9d5a-0232a3b2f4e9",
            "64e7f672-f377-42fd-8bc1-19dfc0c87931"
          ],
          "failures": [],
          "pending": [],
          "skipped": [],
          "duration": 883,
          "root": false,
          "rootEmpty": false,
          "_timeout": 2000
        },
        {
          "uuid": "fff7d5b8-a79c-4e86-9da8-6b9994c24887",
          "title": "3 - Adicione a cor **preta** como a primeira cor da paleta de cores",
          "fullFile": "",
          "file": "",
          "beforeHooks": [],
          "afterHooks": [],
          "tests": [
            {
              "title": "Verifica se a primeira cor da paleta é preta",
              "fullTitle": "3 - Adicione a cor **preta** como a primeira cor da paleta de cores Verifica se a primeira cor da paleta é preta",
              "timedOut": null,
              "duration": 89,
              "state": "passed",
              "speed": "slow",
              "pass": true,
              "fail": false,
              "pending": false,
              "context": null,
              "code": "cy.get('.color').first().should('have.css', 'background-color', BLACK);",
              "err": {},
              "uuid": "a0b91164-9b6c-48eb-99fd-4246b303d0e4",
              "parentUUID": "fff7d5b8-a79c-4e86-9da8-6b9994c24887",
              "isHook": false,
              "skipped": false
            },
            {
              "title": "Verifica se as demais cores podem ser escolhidas livremente.",
              "fullTitle": "3 - Adicione a cor **preta** como a primeira cor da paleta de cores Verifica se as demais cores podem ser escolhidas livremente.",
              "timedOut": null,
              "duration": 184,
              "state": "passed",
              "speed": "slow",
              "pass": true,
              "fail": false,
              "pending": false,
              "context": null,
              "code": "cy.get('.color').eq(1).should('not.have.css', 'background-color', BLACK);\ncy.get('.color').eq(1).should('not.have.css', 'background-color', WHITE);\ncy.get('.color').eq(1).should('not.have.css', 'background-color', 'rgba(0, 0, 0, 0)');\ncy.get('.color').eq(1).should('have.css', 'background-color');\ncy.get('.color').eq(2).should('not.have.css', 'background-color', BLACK);\ncy.get('.color').eq(2).should('not.have.css', 'background-color', WHITE);\ncy.get('.color').eq(2).should('not.have.css', 'background-color', 'rgba(0, 0, 0, 0)');\ncy.get('.color').eq(2).should('have.css', 'background-color');\ncy.get('.color').eq(3).should('not.have.css', 'background-color', BLACK);\ncy.get('.color').eq(3).should('not.have.css', 'background-color', WHITE);\ncy.get('.color').eq(3).should('not.have.css', 'background-color', 'rgba(0, 0, 0, 0)');\ncy.get('.color').eq(3).should('have.css', 'background-color');",
              "err": {},
              "uuid": "a010b1b1-7bd9-403a-bd34-763a48047451",
              "parentUUID": "fff7d5b8-a79c-4e86-9da8-6b9994c24887",
              "isHook": false,
              "skipped": false
            }
          ],
          "suites": [],
          "passes": [
            "a0b91164-9b6c-48eb-99fd-4246b303d0e4",
            "a010b1b1-7bd9-403a-bd34-763a48047451"
          ],
          "failures": [],
          "pending": [],
          "skipped": [],
          "duration": 273,
          "root": false,
          "rootEmpty": false,
          "_timeout": 2000
        },
        {
          "uuid": "d1ded424-81fa-409b-afed-cc5acb7345a4",
          "title": "4 - Adicione à página um quadro contendo 25 pixels",
          "fullFile": "",
          "file": "",
          "beforeHooks": [],
          "afterHooks": [],
          "tests": [
            {
              "title": "Verifica se o quadro de pixels possui o `id` denominado `pixel-board`",
              "fullTitle": "4 - Adicione à página um quadro contendo 25 pixels Verifica se o quadro de pixels possui o `id` denominado `pixel-board`",
              "timedOut": null,
              "duration": 89,
              "state": "passed",
              "speed": "slow",
              "pass": true,
              "fail": false,
              "pending": false,
              "context": null,
              "code": "cy.get('#pixel-board').should('be.visible');",
              "err": {},
              "uuid": "96ce600c-4d32-4818-be07-63856d2633e9",
              "parentUUID": "d1ded424-81fa-409b-afed-cc5acb7345a4",
              "isHook": false,
              "skipped": false
            },
            {
              "title": "Verifica se cada pixel individual dentro do quadro possui a `classe` denominada `pixel`.",
              "fullTitle": "4 - Adicione à página um quadro contendo 25 pixels Verifica se cada pixel individual dentro do quadro possui a `classe` denominada `pixel`.",
              "timedOut": null,
              "duration": 142,
              "state": "passed",
              "speed": "slow",
              "pass": true,
              "fail": false,
              "pending": false,
              "context": null,
              "code": "cy.get('.pixel').should('have.length', 25);",
              "err": {},
              "uuid": "6ffa218b-d055-4eeb-ac0f-5d650a9e9933",
              "parentUUID": "d1ded424-81fa-409b-afed-cc5acb7345a4",
              "isHook": false,
              "skipped": false
            },
            {
              "title": "Verifica se a cor inicial dos pixels dentro do quadro, ao abrir a página, é branca.",
              "fullTitle": "4 - Adicione à página um quadro contendo 25 pixels Verifica se a cor inicial dos pixels dentro do quadro, ao abrir a página, é branca.",
              "timedOut": null,
              "duration": 150,
              "state": "passed",
              "speed": "slow",
              "pass": true,
              "fail": false,
              "pending": false,
              "context": null,
              "code": "cy.get('.pixel').should('have.length', 25).each(function (pixel) {\n  expect(pixel).to.have.css('background-color', WHITE);\n});",
              "err": {},
              "uuid": "c0383c33-2416-41dc-a7ee-b5bde931cb7d",
              "parentUUID": "d1ded424-81fa-409b-afed-cc5acb7345a4",
              "isHook": false,
              "skipped": false
            },
            {
              "title": "Verifica se o quadro de pixels aparece abaixo da paleta de cores",
              "fullTitle": "4 - Adicione à página um quadro contendo 25 pixels Verifica se o quadro de pixels aparece abaixo da paleta de cores",
              "timedOut": null,
              "duration": 117,
              "state": "passed",
              "speed": "slow",
              "pass": true,
              "fail": false,
              "pending": false,
              "context": null,
              "code": "cy.get('#color-palette').then(function (palette) {\n  cy.get('#pixel-board').should('be.belowOf', palette);\n});",
              "err": {},
              "uuid": "722bc865-b940-4b8b-8b44-8ddb50a5f00f",
              "parentUUID": "d1ded424-81fa-409b-afed-cc5acb7345a4",
              "isHook": false,
              "skipped": false
            }
          ],
          "suites": [],
          "passes": [
            "96ce600c-4d32-4818-be07-63856d2633e9",
            "6ffa218b-d055-4eeb-ac0f-5d650a9e9933",
            "c0383c33-2416-41dc-a7ee-b5bde931cb7d",
            "722bc865-b940-4b8b-8b44-8ddb50a5f00f"
          ],
          "failures": [],
          "pending": [],
          "skipped": [],
          "duration": 498,
          "root": false,
          "rootEmpty": false,
          "_timeout": 2000
        },
        {
          "uuid": "3503c96f-28fa-4ddd-b35e-dd00586ddd28",
          "title": "5 - Faça com que cada elemento do quadro de pixels possua 40 pixels de largura, 40 pixels de altura e seja delimitado por uma borda preta de 1 pixel",
          "fullFile": "",
          "file": "",
          "beforeHooks": [],
          "afterHooks": [],
          "tests": [
            {
              "title": "Verifica se o quadro de pixels tem altura e comprimento de 5 elementos",
              "fullTitle": "5 - Faça com que cada elemento do quadro de pixels possua 40 pixels de largura, 40 pixels de altura e seja delimitado por uma borda preta de 1 pixel Verifica se o quadro de pixels tem altura e comprimento de 5 elementos",
              "timedOut": null,
              "duration": 234,
              "state": "passed",
              "speed": "slow",
              "pass": true,
              "fail": false,
              "pending": false,
              "context": null,
              "code": "cy.get('.pixel').should('have.length', 25).each(function (pixel) {\n  expect(pixel).to.have.css('background-color', WHITE);\n}).and(function (pixels) {\n  var rows = chunk(pixels, 5);\n  rows.forEach(function (row) {\n    for (var index = 1; index < row.length; index += 1) {\n      var current = pixels[index];\n      var previous = pixels[index - 1];\n      cy.wrap(current).should('be.onTheRightOf', previous).and('be.horizontallyAlignedWith', previous);\n    }\n  });\n  for (var index = 1; index < 5; index += 1) {\n    expect(pixels[index * 5]).to.be.belowOf(pixels[(index - 1) * 5]);\n  }\n});",
              "err": {},
              "uuid": "2e4bd16a-d47b-4750-bbd0-53c501ad6225",
              "parentUUID": "3503c96f-28fa-4ddd-b35e-dd00586ddd28",
              "isHook": false,
              "skipped": false
            },
            {
              "title": "Verifica se 40 pixels é o tamanho total do elemento, incluindo seu conteúdo e excluindo a borda preta, que deve ser criada à parte.",
              "fullTitle": "5 - Faça com que cada elemento do quadro de pixels possua 40 pixels de largura, 40 pixels de altura e seja delimitado por uma borda preta de 1 pixel Verifica se 40 pixels é o tamanho total do elemento, incluindo seu conteúdo e excluindo a borda preta, que deve ser criada à parte.",
              "timedOut": null,
              "duration": 256,
              "state": "passed",
              "speed": "slow",
              "pass": true,
              "fail": false,
              "pending": false,
              "context": null,
              "code": "cy.get('.pixel').each(function (pixel) {\n  cy.wrap(pixel).should('have.css', 'height', '40px').and('have.css', 'width', '40px').and('have.css', 'border', \"1px solid \".concat(BLACK));\n});",
              "err": {},
              "uuid": "dd46a0ef-9a10-489e-8304-9d7c039b2516",
              "parentUUID": "3503c96f-28fa-4ddd-b35e-dd00586ddd28",
              "isHook": false,
              "skipped": false
            }
          ],
          "suites": [],
          "passes": [
            "2e4bd16a-d47b-4750-bbd0-53c501ad6225",
            "dd46a0ef-9a10-489e-8304-9d7c039b2516"
          ],
          "failures": [],
          "pending": [],
          "skipped": [],
          "duration": 490,
          "root": false,
          "rootEmpty": false,
          "_timeout": 2000
        },
        {
          "uuid": "2f2bfd33-655a-4216-aa1f-6d96f7066921",
          "title": "6 - Defina a cor preta como cor inicial da paleta de cores. Ao carregar a página a cor preta já deve estar selecionada para pintar os pixels",
          "fullFile": "",
          "file": "",
          "beforeHooks": [],
          "afterHooks": [],
          "tests": [
            {
              "title": "Verifica se o elemento da cor preta possui, inicialmente, a `classe` `selected`",
              "fullTitle": "6 - Defina a cor preta como cor inicial da paleta de cores. Ao carregar a página a cor preta já deve estar selecionada para pintar os pixels Verifica se o elemento da cor preta possui, inicialmente, a `classe` `selected`",
              "timedOut": null,
              "duration": 110,
              "state": "passed",
              "speed": "slow",
              "pass": true,
              "fail": false,
              "pending": false,
              "context": null,
              "code": "cy.get('.selected').first().should('have.css', 'background-color', BLACK);",
              "err": {},
              "uuid": "a3ebaaa1-f66e-415a-b74e-488f39d75c73",
              "parentUUID": "2f2bfd33-655a-4216-aa1f-6d96f7066921",
              "isHook": false,
              "skipped": false
            },
            {
              "title": "Verifica se nenhuma outra cor da paleta tem a `classe` `selected`",
              "fullTitle": "6 - Defina a cor preta como cor inicial da paleta de cores. Ao carregar a página a cor preta já deve estar selecionada para pintar os pixels Verifica se nenhuma outra cor da paleta tem a `classe` `selected`",
              "timedOut": null,
              "duration": 81,
              "state": "passed",
              "speed": "slow",
              "pass": true,
              "fail": false,
              "pending": false,
              "context": null,
              "code": "cy.get('.color:not(:first-child)').each(function (color) {\n  cy.wrap(color).should('not.have.class', 'selected');\n});",
              "err": {},
              "uuid": "d88b2f50-6a1b-4438-8de5-6d6ee0f0c948",
              "parentUUID": "2f2bfd33-655a-4216-aa1f-6d96f7066921",
              "isHook": false,
              "skipped": false
            }
          ],
          "suites": [],
          "passes": [
            "a3ebaaa1-f66e-415a-b74e-488f39d75c73",
            "d88b2f50-6a1b-4438-8de5-6d6ee0f0c948"
          ],
          "failures": [],
          "pending": [],
          "skipped": [],
          "duration": 191,
          "root": false,
          "rootEmpty": false,
          "_timeout": 2000
        },
        {
          "uuid": "60fb89fe-7239-4ec4-8fa3-edf091768d3a",
          "title": "7 - Crie uma função para selecionar uma cor na paleta de cores e preencher os pixels no quadro",
          "fullFile": "",
          "file": "",
          "beforeHooks": [],
          "afterHooks": [],
          "tests": [
            {
              "title": "Verifica se somente uma cor da paleta de cores tem a classe `selected` de cada vez",
              "fullTitle": "7 - Crie uma função para selecionar uma cor na paleta de cores e preencher os pixels no quadro Verifica se somente uma cor da paleta de cores tem a classe `selected` de cada vez",
              "timedOut": null,
              "duration": 465,
              "state": "passed",
              "speed": "slow",
              "pass": true,
              "fail": false,
              "pending": false,
              "context": null,
              "code": "cy.get('.color').each(function (selectedColor, selectedColorIndex) {\n  cy.wrap(selectedColor).click();\n  cy.get('.color').each(function (color, colorIndex) {\n    if (colorIndex === selectedColorIndex) {\n      expect(color).to.have[\"class\"]('selected');\n    } else {\n      expect(color).not.to.have[\"class\"]('selected');\n    }\n  });\n});",
              "err": {},
              "uuid": "025d6961-39a1-4a6c-8d87-43b11be0c864",
              "parentUUID": "60fb89fe-7239-4ec4-8fa3-edf091768d3a",
              "isHook": false,
              "skipped": false
            },
            {
              "title": "Verifica se os pixels dentro do quadro não têm a classe `selected` quando são clicados",
              "fullTitle": "7 - Crie uma função para selecionar uma cor na paleta de cores e preencher os pixels no quadro Verifica se os pixels dentro do quadro não têm a classe `selected` quando são clicados",
              "timedOut": null,
              "duration": 9038,
              "state": "passed",
              "speed": "slow",
              "pass": true,
              "fail": false,
              "pending": false,
              "context": null,
              "code": "cy.get('.color').each(function (color) {\n  var backgroundColor = color.css('background-color');\n  cy.wrap(color).click();\n  cy.get('.pixel').each(function (pixel) {\n    cy.wrap(pixel).click().should('not.have.class', 'selected');\n  });\n});",
              "err": {},
              "uuid": "13ba17a2-ffe8-4e88-8a89-211737b26361",
              "parentUUID": "60fb89fe-7239-4ec4-8fa3-edf091768d3a",
              "isHook": false,
              "skipped": false
            }
          ],
          "suites": [],
          "passes": [
            "025d6961-39a1-4a6c-8d87-43b11be0c864",
            "13ba17a2-ffe8-4e88-8a89-211737b26361"
          ],
          "failures": [],
          "pending": [],
          "skipped": [],
          "duration": 9503,
          "root": false,
          "rootEmpty": false,
          "_timeout": 2000
        },
        {
          "uuid": "eb80deb8-8dc3-4325-8eef-d9a363703d10",
          "title": "8 - Crie uma função que permita preencher um pixel do quadro com a cor selecionada na paleta de cores",
          "fullFile": "",
          "file": "",
          "beforeHooks": [],
          "afterHooks": [],
          "tests": [
            {
              "title": "Verifica se ao carregar a página deve ser possível pintar os pixels de preto",
              "fullTitle": "8 - Crie uma função que permita preencher um pixel do quadro com a cor selecionada na paleta de cores Verifica se ao carregar a página deve ser possível pintar os pixels de preto",
              "timedOut": null,
              "duration": 2221,
              "state": "passed",
              "speed": "slow",
              "pass": true,
              "fail": false,
              "pending": false,
              "context": null,
              "code": "cy.get('.pixel').each(function (pixel) {\n  cy.wrap(pixel).click().should('have.css', 'background-color', BLACK);\n});",
              "err": {},
              "uuid": "68c5f529-bd82-4fd8-8fc3-54b92e555bed",
              "parentUUID": "eb80deb8-8dc3-4325-8eef-d9a363703d10",
              "isHook": false,
              "skipped": false
            },
            {
              "title": "Verifica se após selecionar uma outra cor na paleta, é possível pintar os pixels com essa cor",
              "fullTitle": "8 - Crie uma função que permita preencher um pixel do quadro com a cor selecionada na paleta de cores Verifica se após selecionar uma outra cor na paleta, é possível pintar os pixels com essa cor",
              "timedOut": null,
              "duration": 6663,
              "state": "failed",
              "speed": null,
              "pass": false,
              "fail": true,
              "pending": false,
              "context": null,
              "code": "cy.get('.color').each(function (color) {\n  var backgroundColor = color.css('background-color');\n  cy.wrap(color).click();\n  cy.get('.pixel').each(function (pixel) {\n    cy.wrap(pixel).click().should('have.css', 'background-color', backgroundColor);\n  });\n});",
              "err": {
                "message": "CypressError: Timed out retrying: expected '<div.pixel.preto>' to have CSS property 'background-color' with the value 'rgb(255, 192, 203)', but the value was 'rgb(0, 0, 0)'",
                "estack": "CypressError: Timed out retrying: expected '<div.pixel.preto>' to have CSS property 'background-color' with the value 'rgb(255, 192, 203)', but the value was 'rgb(0, 0, 0)'\n    at cypressErr (http://localhost:39123/__cypress/runner/cypress_runner.js:149934:9)\n    at throwErr (http://localhost:39123/__cypress/runner/cypress_runner.js:149867:11)\n    at Object.throwErrByPath (http://localhost:39123/__cypress/runner/cypress_runner.js:149915:3)\n    at retry (http://localhost:39123/__cypress/runner/cypress_runner.js:144197:19)\n    at onFailFn (http://localhost:39123/__cypress/runner/cypress_runner.js:132448:16)\n    at tryCatcher (http://localhost:39123/__cypress/runner/cypress_runner.js:167415:23)\n    at Promise._settlePromiseFromHandler (http://localhost:39123/__cypress/runner/cypress_runner.js:165351:31)\n    at Promise._settlePromise (http://localhost:39123/__cypress/runner/cypress_runner.js:165408:18)\n    at Promise._settlePromise0 (http://localhost:39123/__cypress/runner/cypress_runner.js:165453:10)\n    at Promise._settlePromises (http://localhost:39123/__cypress/runner/cypress_runner.js:165528:18)\n    at Async../node_modules/bluebird/js/release/async.js.Async._drainQueue (http://localhost:39123/__cypress/runner/cypress_runner.js:162140:16)\n    at Async../node_modules/bluebird/js/release/async.js.Async._drainQueues (http://localhost:39123/__cypress/runner/cypress_runner.js:162150:10)\n    at Async.drainQueues (http://localhost:39123/__cypress/runner/cypress_runner.js:162024:14)",
                "diff": null
              },
              "uuid": "dced3994-f59a-45b7-b25e-1debb07a3611",
              "parentUUID": "eb80deb8-8dc3-4325-8eef-d9a363703d10",
              "isHook": false,
              "skipped": false
            },
            {
              "title": "Verifica se somente o pixel que foi clicado foi preenchido com a cor selecionada, sem influenciar na cor dos demais pixels.",
              "fullTitle": "8 - Crie uma função que permita preencher um pixel do quadro com a cor selecionada na paleta de cores Verifica se somente o pixel que foi clicado foi preenchido com a cor selecionada, sem influenciar na cor dos demais pixels.",
              "timedOut": null,
              "duration": 1316,
              "state": "passed",
              "speed": "slow",
              "pass": true,
              "fail": false,
              "pending": false,
              "context": null,
              "code": "var colorToPixelIndexMap = {\n  0: 6,\n  1: 8,\n  2: 16,\n  3: 18\n};\ncy.get('.color').each(function (color, index) {\n  cy.wrap(color).click();\n  var backgroundColor = color.css('background-color');\n  var clickedPixelIndex = colorToPixelIndexMap[index];\n  cy.get('.pixel').eq(clickedPixelIndex).click();\n  cy.get('.pixel').eq(clickedPixelIndex - 1).should('not.have.css', 'background-color', backgroundColor);\n  cy.get('.pixel').eq(clickedPixelIndex + 1).should('not.have.css', 'background-color', backgroundColor);\n  cy.get('.pixel').eq(clickedPixelIndex - 5).should('not.have.css', 'background-color', backgroundColor);\n  cy.get('.pixel').eq(clickedPixelIndex + 5).should('not.have.css', 'background-color', backgroundColor);\n  cy.get('.pixel').eq(clickedPixelIndex - 6).should('not.have.css', 'background-color', backgroundColor);\n  cy.get('.pixel').eq(clickedPixelIndex - 4).should('not.have.css', 'background-color', backgroundColor);\n  cy.get('.pixel').eq(clickedPixelIndex + 4).should('not.have.css', 'background-color', backgroundColor);\n  cy.get('.pixel').eq(clickedPixelIndex + 6).should('not.have.css', 'background-color', backgroundColor);\n});",
              "err": {},
              "uuid": "2eeaa659-d6c8-4b86-ade1-b152fe9c7fe4",
              "parentUUID": "eb80deb8-8dc3-4325-8eef-d9a363703d10",
              "isHook": false,
              "skipped": false
            }
          ],
          "suites": [],
          "passes": [
            "68c5f529-bd82-4fd8-8fc3-54b92e555bed",
            "2eeaa659-d6c8-4b86-ade1-b152fe9c7fe4"
          ],
          "failures": [
            "dced3994-f59a-45b7-b25e-1debb07a3611"
          ],
          "pending": [],
          "skipped": [],
          "duration": 10200,
          "root": false,
          "rootEmpty": false,
          "_timeout": 2000
        },
        {
          "uuid": "9967f8b5-155e-42ba-b774-e0a2f86d0f0d",
          "title": "9 - Crie um botão que, ao ser clicado, limpa o quadro preenchendo a cor de todos seus pixels com branco",
          "fullFile": "",
          "file": "",
          "beforeHooks": [],
          "afterHooks": [],
          "tests": [
            {
              "title": "Verifica se o botão tem o `id` denominado `clear-board`",
              "fullTitle": "9 - Crie um botão que, ao ser clicado, limpa o quadro preenchendo a cor de todos seus pixels com branco Verifica se o botão tem o `id` denominado `clear-board`",
              "timedOut": null,
              "duration": 4275,
              "state": "failed",
              "speed": null,
              "pass": false,
              "fail": true,
              "pending": false,
              "context": null,
              "code": "cy.get('#clear-board').should('be.visible');",
              "err": {
                "message": "CypressError: Timed out retrying: Expected to find element: '#clear-board', but never found it.",
                "estack": "CypressError: Timed out retrying: Expected to find element: '#clear-board', but never found it.\n    at cypressErr (http://localhost:39123/__cypress/runner/cypress_runner.js:149934:9)\n    at throwErr (http://localhost:39123/__cypress/runner/cypress_runner.js:149867:11)\n    at Object.throwErrByPath (http://localhost:39123/__cypress/runner/cypress_runner.js:149915:3)\n    at retry (http://localhost:39123/__cypress/runner/cypress_runner.js:144197:19)\n    at onFailFn (http://localhost:39123/__cypress/runner/cypress_runner.js:132448:16)\n    at tryCatcher (http://localhost:39123/__cypress/runner/cypress_runner.js:167415:23)\n    at Promise._settlePromiseFromHandler (http://localhost:39123/__cypress/runner/cypress_runner.js:165351:31)\n    at Promise._settlePromise (http://localhost:39123/__cypress/runner/cypress_runner.js:165408:18)\n    at Promise._settlePromise0 (http://localhost:39123/__cypress/runner/cypress_runner.js:165453:10)\n    at Promise._settlePromises (http://localhost:39123/__cypress/runner/cypress_runner.js:165528:18)\n    at Async../node_modules/bluebird/js/release/async.js.Async._drainQueue (http://localhost:39123/__cypress/runner/cypress_runner.js:162140:16)\n    at Async../node_modules/bluebird/js/release/async.js.Async._drainQueues (http://localhost:39123/__cypress/runner/cypress_runner.js:162150:10)\n    at Async.drainQueues (http://localhost:39123/__cypress/runner/cypress_runner.js:162024:14)",
                "diff": null
              },
              "uuid": "cde9ec26-27da-4898-999e-a9ff22f8cc82",
              "parentUUID": "9967f8b5-155e-42ba-b774-e0a2f86d0f0d",
              "isHook": false,
              "skipped": false
            },
            {
              "title": "Verifica se o botão está posicionado entre a paleta de cores e o quadro de pixels",
              "fullTitle": "9 - Crie um botão que, ao ser clicado, limpa o quadro preenchendo a cor de todos seus pixels com branco Verifica se o botão está posicionado entre a paleta de cores e o quadro de pixels",
              "timedOut": null,
              "duration": 4283,
              "state": "failed",
              "speed": null,
              "pass": false,
              "fail": true,
              "pending": false,
              "context": null,
              "code": "cy.get('#color-palette').then(function (palette) {\n  cy.get('#clear-board').should('be.belowOf', palette);\n});\ncy.get('#clear-board').then(function (clearBtn) {\n  cy.get('#pixel-board').should('be.belowOf', clearBtn);\n});",
              "err": {
                "message": "CypressError: Timed out retrying: Expected to find element: '#clear-board', but never found it.",
                "estack": "CypressError: Timed out retrying: Expected to find element: '#clear-board', but never found it.\n    at cypressErr (http://localhost:39123/__cypress/runner/cypress_runner.js:149934:9)\n    at throwErr (http://localhost:39123/__cypress/runner/cypress_runner.js:149867:11)\n    at Object.throwErrByPath (http://localhost:39123/__cypress/runner/cypress_runner.js:149915:3)\n    at retry (http://localhost:39123/__cypress/runner/cypress_runner.js:144197:19)\n    at onFailFn (http://localhost:39123/__cypress/runner/cypress_runner.js:132448:16)\n    at tryCatcher (http://localhost:39123/__cypress/runner/cypress_runner.js:167415:23)\n    at Promise._settlePromiseFromHandler (http://localhost:39123/__cypress/runner/cypress_runner.js:165351:31)\n    at Promise._settlePromise (http://localhost:39123/__cypress/runner/cypress_runner.js:165408:18)\n    at Promise._settlePromise0 (http://localhost:39123/__cypress/runner/cypress_runner.js:165453:10)\n    at Promise._settlePromises (http://localhost:39123/__cypress/runner/cypress_runner.js:165528:18)\n    at Async../node_modules/bluebird/js/release/async.js.Async._drainQueue (http://localhost:39123/__cypress/runner/cypress_runner.js:162140:16)\n    at Async../node_modules/bluebird/js/release/async.js.Async._drainQueues (http://localhost:39123/__cypress/runner/cypress_runner.js:162150:10)\n    at Async.drainQueues (http://localhost:39123/__cypress/runner/cypress_runner.js:162024:14)",
                "diff": null
              },
              "uuid": "a1c5b72a-9f85-4eaf-8722-9573b34fe1b6",
              "parentUUID": "9967f8b5-155e-42ba-b774-e0a2f86d0f0d",
              "isHook": false,
              "skipped": false
            },
            {
              "title": "Verifica se o texto do botão é 'Limpar'",
              "fullTitle": "9 - Crie um botão que, ao ser clicado, limpa o quadro preenchendo a cor de todos seus pixels com branco Verifica se o texto do botão é 'Limpar'",
              "timedOut": null,
              "duration": 4353,
              "state": "failed",
              "speed": null,
              "pass": false,
              "fail": true,
              "pending": false,
              "context": null,
              "code": "cy.get('#clear-board').should('contain.text', 'Limpar');",
              "err": {
                "message": "CypressError: Timed out retrying: Expected to find element: '#clear-board', but never found it.",
                "estack": "CypressError: Timed out retrying: Expected to find element: '#clear-board', but never found it.\n    at cypressErr (http://localhost:39123/__cypress/runner/cypress_runner.js:149934:9)\n    at throwErr (http://localhost:39123/__cypress/runner/cypress_runner.js:149867:11)\n    at Object.throwErrByPath (http://localhost:39123/__cypress/runner/cypress_runner.js:149915:3)\n    at retry (http://localhost:39123/__cypress/runner/cypress_runner.js:144197:19)\n    at onFailFn (http://localhost:39123/__cypress/runner/cypress_runner.js:132448:16)\n    at tryCatcher (http://localhost:39123/__cypress/runner/cypress_runner.js:167415:23)\n    at Promise._settlePromiseFromHandler (http://localhost:39123/__cypress/runner/cypress_runner.js:165351:31)\n    at Promise._settlePromise (http://localhost:39123/__cypress/runner/cypress_runner.js:165408:18)\n    at Promise._settlePromise0 (http://localhost:39123/__cypress/runner/cypress_runner.js:165453:10)\n    at Promise._settlePromises (http://localhost:39123/__cypress/runner/cypress_runner.js:165528:18)\n    at Async../node_modules/bluebird/js/release/async.js.Async._drainQueue (http://localhost:39123/__cypress/runner/cypress_runner.js:162140:16)\n    at Async../node_modules/bluebird/js/release/async.js.Async._drainQueues (http://localhost:39123/__cypress/runner/cypress_runner.js:162150:10)\n    at Async.drainQueues (http://localhost:39123/__cypress/runner/cypress_runner.js:162024:14)",
                "diff": null
              },
              "uuid": "8211c12c-62dc-4546-847f-a5d8253872d1",
              "parentUUID": "9967f8b5-155e-42ba-b774-e0a2f86d0f0d",
              "isHook": false,
              "skipped": false
            },
            {
              "title": "Verifica se ao clicar no botão, o quadro de pixels é totalmente preenchido de branco",
              "fullTitle": "9 - Crie um botão que, ao ser clicado, limpa o quadro preenchendo a cor de todos seus pixels com branco Verifica se ao clicar no botão, o quadro de pixels é totalmente preenchido de branco",
              "timedOut": null,
              "duration": 6532,
              "state": "failed",
              "speed": null,
              "pass": false,
              "fail": true,
              "pending": false,
              "context": null,
              "code": "cy.get('.color').eq(1).then(function (color) {\n  var backgroundColor = color.css('background-color');\n  cy.wrap(color).click();\n  cy.get('.pixel').each(function (pixel) {\n    cy.wrap(pixel).click().should('have.css', 'background-color', backgroundColor);\n  });\n});\ncy.get('#clear-board').click();\ncy.get('.pixel').each(function (pixel) {\n  cy.wrap(pixel).should('have.css', 'background-color', WHITE);\n});",
              "err": {
                "message": "CypressError: Timed out retrying: Expected to find element: '#clear-board', but never found it.",
                "estack": "CypressError: Timed out retrying: Expected to find element: '#clear-board', but never found it.\n    at cypressErr (http://localhost:39123/__cypress/runner/cypress_runner.js:149934:9)\n    at throwErr (http://localhost:39123/__cypress/runner/cypress_runner.js:149867:11)\n    at Object.throwErrByPath (http://localhost:39123/__cypress/runner/cypress_runner.js:149915:3)\n    at retry (http://localhost:39123/__cypress/runner/cypress_runner.js:144197:19)\n    at onFailFn (http://localhost:39123/__cypress/runner/cypress_runner.js:132448:16)\n    at tryCatcher (http://localhost:39123/__cypress/runner/cypress_runner.js:167415:23)\n    at Promise._settlePromiseFromHandler (http://localhost:39123/__cypress/runner/cypress_runner.js:165351:31)\n    at Promise._settlePromise (http://localhost:39123/__cypress/runner/cypress_runner.js:165408:18)\n    at Promise._settlePromise0 (http://localhost:39123/__cypress/runner/cypress_runner.js:165453:10)\n    at Promise._settlePromises (http://localhost:39123/__cypress/runner/cypress_runner.js:165528:18)\n    at Async../node_modules/bluebird/js/release/async.js.Async._drainQueue (http://localhost:39123/__cypress/runner/cypress_runner.js:162140:16)\n    at Async../node_modules/bluebird/js/release/async.js.Async._drainQueues (http://localhost:39123/__cypress/runner/cypress_runner.js:162150:10)\n    at Async.drainQueues (http://localhost:39123/__cypress/runner/cypress_runner.js:162024:14)",
                "diff": null
              },
              "uuid": "485963f5-781c-4696-9dca-6fcdd4312810",
              "parentUUID": "9967f8b5-155e-42ba-b774-e0a2f86d0f0d",
              "isHook": false,
              "skipped": false
            }
          ],
          "suites": [],
          "passes": [],
          "failures": [
            "cde9ec26-27da-4898-999e-a9ff22f8cc82",
            "a1c5b72a-9f85-4eaf-8722-9573b34fe1b6",
            "8211c12c-62dc-4546-847f-a5d8253872d1",
            "485963f5-781c-4696-9dca-6fcdd4312810"
          ],
          "pending": [],
          "skipped": [],
          "duration": 19443,
          "root": false,
          "rootEmpty": false,
          "_timeout": 2000
        },
        {
          "uuid": "386c69b4-4a3d-4527-8a45-7a711a844dde",
          "title": "10 - Crie um input que permita à pessoa usuária preencher um novo tamanho para o quadro de pixels",
          "fullFile": "",
          "file": "",
          "beforeHooks": [],
          "afterHooks": [],
          "tests": [
            {
              "title": "Verifica se existe um input com o id `board-size`",
              "fullTitle": "10 - Crie um input que permita à pessoa usuária preencher um novo tamanho para o quadro de pixels Verifica se existe um input com o id `board-size`",
              "timedOut": null,
              "duration": 4288,
              "state": "failed",
              "speed": null,
              "pass": false,
              "fail": true,
              "pending": false,
              "context": null,
              "code": "cy.get('#board-size').should('be.visible');",
              "err": {
                "message": "CypressError: Timed out retrying: Expected to find element: '#board-size', but never found it.",
                "estack": "CypressError: Timed out retrying: Expected to find element: '#board-size', but never found it.\n    at cypressErr (http://localhost:39123/__cypress/runner/cypress_runner.js:149934:9)\n    at throwErr (http://localhost:39123/__cypress/runner/cypress_runner.js:149867:11)\n    at Object.throwErrByPath (http://localhost:39123/__cypress/runner/cypress_runner.js:149915:3)\n    at retry (http://localhost:39123/__cypress/runner/cypress_runner.js:144197:19)\n    at onFailFn (http://localhost:39123/__cypress/runner/cypress_runner.js:132448:16)\n    at tryCatcher (http://localhost:39123/__cypress/runner/cypress_runner.js:167415:23)\n    at Promise._settlePromiseFromHandler (http://localhost:39123/__cypress/runner/cypress_runner.js:165351:31)\n    at Promise._settlePromise (http://localhost:39123/__cypress/runner/cypress_runner.js:165408:18)\n    at Promise._settlePromise0 (http://localhost:39123/__cypress/runner/cypress_runner.js:165453:10)\n    at Promise._settlePromises (http://localhost:39123/__cypress/runner/cypress_runner.js:165528:18)\n    at Async../node_modules/bluebird/js/release/async.js.Async._drainQueue (http://localhost:39123/__cypress/runner/cypress_runner.js:162140:16)\n    at Async../node_modules/bluebird/js/release/async.js.Async._drainQueues (http://localhost:39123/__cypress/runner/cypress_runner.js:162150:10)\n    at Async.drainQueues (http://localhost:39123/__cypress/runner/cypress_runner.js:162024:14)",
                "diff": null
              },
              "uuid": "2b04cdb0-360d-4c5a-97e2-d9104f3f893b",
              "parentUUID": "386c69b4-4a3d-4527-8a45-7a711a844dde",
              "isHook": false,
              "skipped": false
            },
            {
              "title": "Verifica se existe um botão com o id `generate-board`",
              "fullTitle": "10 - Crie um input que permita à pessoa usuária preencher um novo tamanho para o quadro de pixels Verifica se existe um botão com o id `generate-board`",
              "timedOut": null,
              "duration": 4283,
              "state": "failed",
              "speed": null,
              "pass": false,
              "fail": true,
              "pending": false,
              "context": null,
              "code": "cy.get('#generate-board').should('be.visible');",
              "err": {
                "message": "CypressError: Timed out retrying: Expected to find element: '#generate-board', but never found it.",
                "estack": "CypressError: Timed out retrying: Expected to find element: '#generate-board', but never found it.\n    at cypressErr (http://localhost:39123/__cypress/runner/cypress_runner.js:149934:9)\n    at throwErr (http://localhost:39123/__cypress/runner/cypress_runner.js:149867:11)\n    at Object.throwErrByPath (http://localhost:39123/__cypress/runner/cypress_runner.js:149915:3)\n    at retry (http://localhost:39123/__cypress/runner/cypress_runner.js:144197:19)\n    at onFailFn (http://localhost:39123/__cypress/runner/cypress_runner.js:132448:16)\n    at tryCatcher (http://localhost:39123/__cypress/runner/cypress_runner.js:167415:23)\n    at Promise._settlePromiseFromHandler (http://localhost:39123/__cypress/runner/cypress_runner.js:165351:31)\n    at Promise._settlePromise (http://localhost:39123/__cypress/runner/cypress_runner.js:165408:18)\n    at Promise._settlePromise0 (http://localhost:39123/__cypress/runner/cypress_runner.js:165453:10)\n    at Promise._settlePromises (http://localhost:39123/__cypress/runner/cypress_runner.js:165528:18)\n    at Async../node_modules/bluebird/js/release/async.js.Async._drainQueue (http://localhost:39123/__cypress/runner/cypress_runner.js:162140:16)\n    at Async../node_modules/bluebird/js/release/async.js.Async._drainQueues (http://localhost:39123/__cypress/runner/cypress_runner.js:162150:10)\n    at Async.drainQueues (http://localhost:39123/__cypress/runner/cypress_runner.js:162024:14)",
                "diff": null
              },
              "uuid": "7814e25f-be3d-419a-b42f-80a9bc87ea16",
              "parentUUID": "386c69b4-4a3d-4527-8a45-7a711a844dde",
              "isHook": false,
              "skipped": false
            },
            {
              "title": "Verifica se o input só aceita número maiores que zero. Essa restrição deve ser feita usando os atributos do elemento `input`",
              "fullTitle": "10 - Crie um input que permita à pessoa usuária preencher um novo tamanho para o quadro de pixels Verifica se o input só aceita número maiores que zero. Essa restrição deve ser feita usando os atributos do elemento `input`",
              "timedOut": null,
              "duration": 4350,
              "state": "failed",
              "speed": null,
              "pass": false,
              "fail": true,
              "pending": false,
              "context": null,
              "code": "cy.get('#board-size[type=\\'number\\'][min=\\'1\\']');",
              "err": {
                "message": "CypressError: Timed out retrying: Expected to find element: '#board-size[type='number'][min='1']', but never found it.",
                "estack": "CypressError: Timed out retrying: Expected to find element: '#board-size[type='number'][min='1']', but never found it.\n    at cypressErr (http://localhost:39123/__cypress/runner/cypress_runner.js:149934:9)\n    at throwErr (http://localhost:39123/__cypress/runner/cypress_runner.js:149867:11)\n    at Object.throwErrByPath (http://localhost:39123/__cypress/runner/cypress_runner.js:149915:3)\n    at retry (http://localhost:39123/__cypress/runner/cypress_runner.js:144197:19)\n    at onFailFn (http://localhost:39123/__cypress/runner/cypress_runner.js:132448:16)\n    at tryCatcher (http://localhost:39123/__cypress/runner/cypress_runner.js:167415:23)\n    at Promise._settlePromiseFromHandler (http://localhost:39123/__cypress/runner/cypress_runner.js:165351:31)\n    at Promise._settlePromise (http://localhost:39123/__cypress/runner/cypress_runner.js:165408:18)\n    at Promise._settlePromise0 (http://localhost:39123/__cypress/runner/cypress_runner.js:165453:10)\n    at Promise._settlePromises (http://localhost:39123/__cypress/runner/cypress_runner.js:165528:18)\n    at Async../node_modules/bluebird/js/release/async.js.Async._drainQueue (http://localhost:39123/__cypress/runner/cypress_runner.js:162140:16)\n    at Async../node_modules/bluebird/js/release/async.js.Async._drainQueues (http://localhost:39123/__cypress/runner/cypress_runner.js:162150:10)\n    at Async.drainQueues (http://localhost:39123/__cypress/runner/cypress_runner.js:162024:14)",
                "diff": null
              },
              "uuid": "febcc45c-d2f9-4701-8cae-19fc95923b3f",
              "parentUUID": "386c69b4-4a3d-4527-8a45-7a711a844dde",
              "isHook": false,
              "skipped": false
            },
            {
              "title": "Verifica se o botão contém o texto 'VQV'",
              "fullTitle": "10 - Crie um input que permita à pessoa usuária preencher um novo tamanho para o quadro de pixels Verifica se o botão contém o texto 'VQV'",
              "timedOut": null,
              "duration": 4262,
              "state": "failed",
              "speed": null,
              "pass": false,
              "fail": true,
              "pending": false,
              "context": null,
              "code": "cy.get('#generate-board').contains(/vqv/i);",
              "err": {
                "message": "CypressError: Timed out retrying: Expected to find element: '#generate-board', but never found it.",
                "estack": "CypressError: Timed out retrying: Expected to find element: '#generate-board', but never found it.\n    at cypressErr (http://localhost:39123/__cypress/runner/cypress_runner.js:149934:9)\n    at throwErr (http://localhost:39123/__cypress/runner/cypress_runner.js:149867:11)\n    at Object.throwErrByPath (http://localhost:39123/__cypress/runner/cypress_runner.js:149915:3)\n    at retry (http://localhost:39123/__cypress/runner/cypress_runner.js:144197:19)\n    at onFailFn (http://localhost:39123/__cypress/runner/cypress_runner.js:132448:16)\n    at tryCatcher (http://localhost:39123/__cypress/runner/cypress_runner.js:167415:23)\n    at Promise._settlePromiseFromHandler (http://localhost:39123/__cypress/runner/cypress_runner.js:165351:31)\n    at Promise._settlePromise (http://localhost:39123/__cypress/runner/cypress_runner.js:165408:18)\n    at Promise._settlePromise0 (http://localhost:39123/__cypress/runner/cypress_runner.js:165453:10)\n    at Promise._settlePromises (http://localhost:39123/__cypress/runner/cypress_runner.js:165528:18)\n    at Async../node_modules/bluebird/js/release/async.js.Async._drainQueue (http://localhost:39123/__cypress/runner/cypress_runner.js:162140:16)\n    at Async../node_modules/bluebird/js/release/async.js.Async._drainQueues (http://localhost:39123/__cypress/runner/cypress_runner.js:162150:10)\n    at Async.drainQueues (http://localhost:39123/__cypress/runner/cypress_runner.js:162024:14)",
                "diff": null
              },
              "uuid": "7b3f1105-d8ee-4db1-b88a-9064edfc3315",
              "parentUUID": "386c69b4-4a3d-4527-8a45-7a711a844dde",
              "isHook": false,
              "skipped": false
            },
            {
              "title": "Verifica se o input está posicionado entre a paleta de cores e o quadro de pixels",
              "fullTitle": "10 - Crie um input que permita à pessoa usuária preencher um novo tamanho para o quadro de pixels Verifica se o input está posicionado entre a paleta de cores e o quadro de pixels",
              "timedOut": null,
              "duration": 4295,
              "state": "failed",
              "speed": null,
              "pass": false,
              "fail": true,
              "pending": false,
              "context": null,
              "code": "cy.get('#color-palette').then(function (palette) {\n  cy.get('#board-size').should('be.belowOf', palette);\n});\ncy.get('#board-size').then(function (palette) {\n  cy.get('#pixel-board').should('be.belowOf', palette);\n});",
              "err": {
                "message": "CypressError: Timed out retrying: Expected to find element: '#board-size', but never found it.",
                "estack": "CypressError: Timed out retrying: Expected to find element: '#board-size', but never found it.\n    at cypressErr (http://localhost:39123/__cypress/runner/cypress_runner.js:149934:9)\n    at throwErr (http://localhost:39123/__cypress/runner/cypress_runner.js:149867:11)\n    at Object.throwErrByPath (http://localhost:39123/__cypress/runner/cypress_runner.js:149915:3)\n    at retry (http://localhost:39123/__cypress/runner/cypress_runner.js:144197:19)\n    at onFailFn (http://localhost:39123/__cypress/runner/cypress_runner.js:132448:16)\n    at tryCatcher (http://localhost:39123/__cypress/runner/cypress_runner.js:167415:23)\n    at Promise._settlePromiseFromHandler (http://localhost:39123/__cypress/runner/cypress_runner.js:165351:31)\n    at Promise._settlePromise (http://localhost:39123/__cypress/runner/cypress_runner.js:165408:18)\n    at Promise._settlePromise0 (http://localhost:39123/__cypress/runner/cypress_runner.js:165453:10)\n    at Promise._settlePromises (http://localhost:39123/__cypress/runner/cypress_runner.js:165528:18)\n    at Async../node_modules/bluebird/js/release/async.js.Async._drainQueue (http://localhost:39123/__cypress/runner/cypress_runner.js:162140:16)\n    at Async../node_modules/bluebird/js/release/async.js.Async._drainQueues (http://localhost:39123/__cypress/runner/cypress_runner.js:162150:10)\n    at Async.drainQueues (http://localhost:39123/__cypress/runner/cypress_runner.js:162024:14)",
                "diff": null
              },
              "uuid": "78d8434f-fa42-4e0f-9efd-0fd17369618e",
              "parentUUID": "386c69b4-4a3d-4527-8a45-7a711a844dde",
              "isHook": false,
              "skipped": false
            },
            {
              "title": "Verifica se o botão está posicionado ao lado do input",
              "fullTitle": "10 - Crie um input que permita à pessoa usuária preencher um novo tamanho para o quadro de pixels Verifica se o botão está posicionado ao lado do input",
              "timedOut": null,
              "duration": 4304,
              "state": "failed",
              "speed": null,
              "pass": false,
              "fail": true,
              "pending": false,
              "context": null,
              "code": "cy.get('#board-size').then(function (board) {\n  cy.get('#generate-board').should('be.onTheRightOf', board);\n});",
              "err": {
                "message": "CypressError: Timed out retrying: Expected to find element: '#board-size', but never found it.",
                "estack": "CypressError: Timed out retrying: Expected to find element: '#board-size', but never found it.\n    at cypressErr (http://localhost:39123/__cypress/runner/cypress_runner.js:149934:9)\n    at throwErr (http://localhost:39123/__cypress/runner/cypress_runner.js:149867:11)\n    at Object.throwErrByPath (http://localhost:39123/__cypress/runner/cypress_runner.js:149915:3)\n    at retry (http://localhost:39123/__cypress/runner/cypress_runner.js:144197:19)\n    at onFailFn (http://localhost:39123/__cypress/runner/cypress_runner.js:132448:16)\n    at tryCatcher (http://localhost:39123/__cypress/runner/cypress_runner.js:167415:23)\n    at Promise._settlePromiseFromHandler (http://localhost:39123/__cypress/runner/cypress_runner.js:165351:31)\n    at Promise._settlePromise (http://localhost:39123/__cypress/runner/cypress_runner.js:165408:18)\n    at Promise._settlePromise0 (http://localhost:39123/__cypress/runner/cypress_runner.js:165453:10)\n    at Promise._settlePromises (http://localhost:39123/__cypress/runner/cypress_runner.js:165528:18)\n    at Async../node_modules/bluebird/js/release/async.js.Async._drainQueue (http://localhost:39123/__cypress/runner/cypress_runner.js:162140:16)\n    at Async../node_modules/bluebird/js/release/async.js.Async._drainQueues (http://localhost:39123/__cypress/runner/cypress_runner.js:162150:10)\n    at Async.drainQueues (http://localhost:39123/__cypress/runner/cypress_runner.js:162024:14)",
                "diff": null
              },
              "uuid": "c248c44f-8486-4f50-b630-db11b7b825e8",
              "parentUUID": "386c69b4-4a3d-4527-8a45-7a711a844dde",
              "isHook": false,
              "skipped": false
            },
            {
              "title": "Verifica se nenhum valor for colocado no input ao clicar no botão, um `alert` é exibido com o texto: 'Board inválido!'",
              "fullTitle": "10 - Crie um input que permita à pessoa usuária preencher um novo tamanho para o quadro de pixels Verifica se nenhum valor for colocado no input ao clicar no botão, um `alert` é exibido com o texto: 'Board inválido!'",
              "timedOut": null,
              "duration": 4237,
              "state": "failed",
              "speed": null,
              "pass": false,
              "fail": true,
              "pending": false,
              "context": null,
              "code": "var alerted = false;\ncy.on('window:alert', function (msg) {\n  return alerted = msg;\n});\ncy.get('#generate-board').click().then(function () {\n  return expect(alerted).to.match(/Board inválido!/i);\n});",
              "err": {
                "message": "CypressError: Timed out retrying: Expected to find element: '#generate-board', but never found it.",
                "estack": "CypressError: Timed out retrying: Expected to find element: '#generate-board', but never found it.\n    at cypressErr (http://localhost:39123/__cypress/runner/cypress_runner.js:149934:9)\n    at throwErr (http://localhost:39123/__cypress/runner/cypress_runner.js:149867:11)\n    at Object.throwErrByPath (http://localhost:39123/__cypress/runner/cypress_runner.js:149915:3)\n    at retry (http://localhost:39123/__cypress/runner/cypress_runner.js:144197:19)\n    at onFailFn (http://localhost:39123/__cypress/runner/cypress_runner.js:132448:16)\n    at tryCatcher (http://localhost:39123/__cypress/runner/cypress_runner.js:167415:23)\n    at Promise._settlePromiseFromHandler (http://localhost:39123/__cypress/runner/cypress_runner.js:165351:31)\n    at Promise._settlePromise (http://localhost:39123/__cypress/runner/cypress_runner.js:165408:18)\n    at Promise._settlePromise0 (http://localhost:39123/__cypress/runner/cypress_runner.js:165453:10)\n    at Promise._settlePromises (http://localhost:39123/__cypress/runner/cypress_runner.js:165528:18)\n    at Async../node_modules/bluebird/js/release/async.js.Async._drainQueue (http://localhost:39123/__cypress/runner/cypress_runner.js:162140:16)\n    at Async../node_modules/bluebird/js/release/async.js.Async._drainQueues (http://localhost:39123/__cypress/runner/cypress_runner.js:162150:10)\n    at Async.drainQueues (http://localhost:39123/__cypress/runner/cypress_runner.js:162024:14)",
                "diff": null
              },
              "uuid": "8060c335-4880-4431-afdc-50bb6dfe21b0",
              "parentUUID": "386c69b4-4a3d-4527-8a45-7a711a844dde",
              "isHook": false,
              "skipped": false
            },
            {
              "title": "Verifica se ao clicar no botão com um valor preenchido, o tamanho do board muda.",
              "fullTitle": "10 - Crie um input que permita à pessoa usuária preencher um novo tamanho para o quadro de pixels Verifica se ao clicar no botão com um valor preenchido, o tamanho do board muda.",
              "timedOut": null,
              "duration": 4362,
              "state": "failed",
              "speed": null,
              "pass": false,
              "fail": true,
              "pending": false,
              "context": null,
              "code": "cy.get('#board-size').clear().type(10);\ncy.get('#generate-board').click();\ncy.get('.pixel').should('have.length', 100);",
              "err": {
                "message": "CypressError: Timed out retrying: Expected to find element: '#board-size', but never found it.",
                "estack": "CypressError: Timed out retrying: Expected to find element: '#board-size', but never found it.\n    at cypressErr (http://localhost:39123/__cypress/runner/cypress_runner.js:149934:9)\n    at throwErr (http://localhost:39123/__cypress/runner/cypress_runner.js:149867:11)\n    at Object.throwErrByPath (http://localhost:39123/__cypress/runner/cypress_runner.js:149915:3)\n    at retry (http://localhost:39123/__cypress/runner/cypress_runner.js:144197:19)\n    at onFailFn (http://localhost:39123/__cypress/runner/cypress_runner.js:132448:16)\n    at tryCatcher (http://localhost:39123/__cypress/runner/cypress_runner.js:167415:23)\n    at Promise._settlePromiseFromHandler (http://localhost:39123/__cypress/runner/cypress_runner.js:165351:31)\n    at Promise._settlePromise (http://localhost:39123/__cypress/runner/cypress_runner.js:165408:18)\n    at Promise._settlePromise0 (http://localhost:39123/__cypress/runner/cypress_runner.js:165453:10)\n    at Promise._settlePromises (http://localhost:39123/__cypress/runner/cypress_runner.js:165528:18)\n    at Async../node_modules/bluebird/js/release/async.js.Async._drainQueue (http://localhost:39123/__cypress/runner/cypress_runner.js:162140:16)\n    at Async../node_modules/bluebird/js/release/async.js.Async._drainQueues (http://localhost:39123/__cypress/runner/cypress_runner.js:162150:10)\n    at Async.drainQueues (http://localhost:39123/__cypress/runner/cypress_runner.js:162024:14)",
                "diff": null
              },
              "uuid": "4ddea67c-a37a-4a4f-8c69-b9479cd505d8",
              "parentUUID": "386c69b4-4a3d-4527-8a45-7a711a844dde",
              "isHook": false,
              "skipped": false
            },
            {
              "title": "Verifica se o novo quadro tem todos os pixels preenchidos com a cor branca",
              "fullTitle": "10 - Crie um input que permita à pessoa usuária preencher um novo tamanho para o quadro de pixels Verifica se o novo quadro tem todos os pixels preenchidos com a cor branca",
              "timedOut": null,
              "duration": 4267,
              "state": "failed",
              "speed": null,
              "pass": false,
              "fail": true,
              "pending": false,
              "context": null,
              "code": "cy.get('#board-size').clear().type(6);\ncy.get('#generate-board').click();\ncy.get('.pixel').should('have.length', 36).each(function (pixel) {\n  expect(pixel).to.have.css('background-color', WHITE);\n});",
              "err": {
                "message": "CypressError: Timed out retrying: Expected to find element: '#board-size', but never found it.",
                "estack": "CypressError: Timed out retrying: Expected to find element: '#board-size', but never found it.\n    at cypressErr (http://localhost:39123/__cypress/runner/cypress_runner.js:149934:9)\n    at throwErr (http://localhost:39123/__cypress/runner/cypress_runner.js:149867:11)\n    at Object.throwErrByPath (http://localhost:39123/__cypress/runner/cypress_runner.js:149915:3)\n    at retry (http://localhost:39123/__cypress/runner/cypress_runner.js:144197:19)\n    at onFailFn (http://localhost:39123/__cypress/runner/cypress_runner.js:132448:16)\n    at tryCatcher (http://localhost:39123/__cypress/runner/cypress_runner.js:167415:23)\n    at Promise._settlePromiseFromHandler (http://localhost:39123/__cypress/runner/cypress_runner.js:165351:31)\n    at Promise._settlePromise (http://localhost:39123/__cypress/runner/cypress_runner.js:165408:18)\n    at Promise._settlePromise0 (http://localhost:39123/__cypress/runner/cypress_runner.js:165453:10)\n    at Promise._settlePromises (http://localhost:39123/__cypress/runner/cypress_runner.js:165528:18)\n    at Async../node_modules/bluebird/js/release/async.js.Async._drainQueue (http://localhost:39123/__cypress/runner/cypress_runner.js:162140:16)\n    at Async../node_modules/bluebird/js/release/async.js.Async._drainQueues (http://localhost:39123/__cypress/runner/cypress_runner.js:162150:10)\n    at Async.drainQueues (http://localhost:39123/__cypress/runner/cypress_runner.js:162024:14)",
                "diff": null
              },
              "uuid": "217994fd-14f3-48c3-9711-24225b1ce2d5",
              "parentUUID": "386c69b4-4a3d-4527-8a45-7a711a844dde",
              "isHook": false,
              "skipped": false
            }
          ],
          "suites": [],
          "passes": [],
          "failures": [
            "2b04cdb0-360d-4c5a-97e2-d9104f3f893b",
            "7814e25f-be3d-419a-b42f-80a9bc87ea16",
            "febcc45c-d2f9-4701-8cae-19fc95923b3f",
            "7b3f1105-d8ee-4db1-b88a-9064edfc3315",
            "78d8434f-fa42-4e0f-9efd-0fd17369618e",
            "c248c44f-8486-4f50-b630-db11b7b825e8",
            "8060c335-4880-4431-afdc-50bb6dfe21b0",
            "4ddea67c-a37a-4a4f-8c69-b9479cd505d8",
            "217994fd-14f3-48c3-9711-24225b1ce2d5"
          ],
          "pending": [],
          "skipped": [],
          "duration": 38648,
          "root": false,
          "rootEmpty": false,
          "_timeout": 2000
        },
        {
          "uuid": "3536ae15-54aa-4c9b-86c9-54af57828297",
          "title": "11 - Crie uma função que limite o tamanho mínimo e máximo do quadro de pixels",
          "fullFile": "",
          "file": "",
          "beforeHooks": [],
          "afterHooks": [],
          "tests": [
            {
              "title": "Verifica se a altura máxima do board é 50",
              "fullTitle": "11 - Crie uma função que limite o tamanho mínimo e máximo do quadro de pixels Verifica se a altura máxima do board é 50",
              "timedOut": null,
              "duration": 4436,
              "state": "failed",
              "speed": null,
              "pass": false,
              "fail": true,
              "pending": false,
              "context": null,
              "code": "cy.get('#board-size').clear().type(50);\ncy.get('#generate-board').click();\ncy.get('.pixel').should('have.length', 2500);",
              "err": {
                "message": "CypressError: Timed out retrying: Expected to find element: '#board-size', but never found it.",
                "estack": "CypressError: Timed out retrying: Expected to find element: '#board-size', but never found it.\n    at cypressErr (http://localhost:39123/__cypress/runner/cypress_runner.js:149934:9)\n    at throwErr (http://localhost:39123/__cypress/runner/cypress_runner.js:149867:11)\n    at Object.throwErrByPath (http://localhost:39123/__cypress/runner/cypress_runner.js:149915:3)\n    at retry (http://localhost:39123/__cypress/runner/cypress_runner.js:144197:19)\n    at onFailFn (http://localhost:39123/__cypress/runner/cypress_runner.js:132448:16)\n    at tryCatcher (http://localhost:39123/__cypress/runner/cypress_runner.js:167415:23)\n    at Promise._settlePromiseFromHandler (http://localhost:39123/__cypress/runner/cypress_runner.js:165351:31)\n    at Promise._settlePromise (http://localhost:39123/__cypress/runner/cypress_runner.js:165408:18)\n    at Promise._settlePromise0 (http://localhost:39123/__cypress/runner/cypress_runner.js:165453:10)\n    at Promise._settlePromises (http://localhost:39123/__cypress/runner/cypress_runner.js:165528:18)\n    at Async../node_modules/bluebird/js/release/async.js.Async._drainQueue (http://localhost:39123/__cypress/runner/cypress_runner.js:162140:16)\n    at Async../node_modules/bluebird/js/release/async.js.Async._drainQueues (http://localhost:39123/__cypress/runner/cypress_runner.js:162150:10)\n    at Async.drainQueues (http://localhost:39123/__cypress/runner/cypress_runner.js:162024:14)",
                "diff": null
              },
              "uuid": "f7f922b7-8294-430e-a2e6-1b976569c368",
              "parentUUID": "3536ae15-54aa-4c9b-86c9-54af57828297",
              "isHook": false,
              "skipped": false
            },
            {
              "title": "Verifica se a altura do board é 5 quando um valor menor é colocado no input",
              "fullTitle": "11 - Crie uma função que limite o tamanho mínimo e máximo do quadro de pixels Verifica se a altura do board é 5 quando um valor menor é colocado no input",
              "timedOut": null,
              "duration": 4389,
              "state": "failed",
              "speed": null,
              "pass": false,
              "fail": true,
              "pending": false,
              "context": null,
              "code": "cy.get('#board-size').clear().type(4);\ncy.get('#generate-board').click();\ncy.get('.pixel').should('have.length', 25);",
              "err": {
                "message": "CypressError: Timed out retrying: Expected to find element: '#board-size', but never found it.",
                "estack": "CypressError: Timed out retrying: Expected to find element: '#board-size', but never found it.\n    at cypressErr (http://localhost:39123/__cypress/runner/cypress_runner.js:149934:9)\n    at throwErr (http://localhost:39123/__cypress/runner/cypress_runner.js:149867:11)\n    at Object.throwErrByPath (http://localhost:39123/__cypress/runner/cypress_runner.js:149915:3)\n    at retry (http://localhost:39123/__cypress/runner/cypress_runner.js:144197:19)\n    at onFailFn (http://localhost:39123/__cypress/runner/cypress_runner.js:132448:16)\n    at tryCatcher (http://localhost:39123/__cypress/runner/cypress_runner.js:167415:23)\n    at Promise._settlePromiseFromHandler (http://localhost:39123/__cypress/runner/cypress_runner.js:165351:31)\n    at Promise._settlePromise (http://localhost:39123/__cypress/runner/cypress_runner.js:165408:18)\n    at Promise._settlePromise0 (http://localhost:39123/__cypress/runner/cypress_runner.js:165453:10)\n    at Promise._settlePromises (http://localhost:39123/__cypress/runner/cypress_runner.js:165528:18)\n    at Async../node_modules/bluebird/js/release/async.js.Async._drainQueue (http://localhost:39123/__cypress/runner/cypress_runner.js:162140:16)\n    at Async../node_modules/bluebird/js/release/async.js.Async._drainQueues (http://localhost:39123/__cypress/runner/cypress_runner.js:162150:10)\n    at Async.drainQueues (http://localhost:39123/__cypress/runner/cypress_runner.js:162024:14)",
                "diff": null
              },
              "uuid": "dca9833f-4349-44cc-b27a-95a35fc392bd",
              "parentUUID": "3536ae15-54aa-4c9b-86c9-54af57828297",
              "isHook": false,
              "skipped": false
            },
            {
              "title": "Verifica se a altura do board é 50 quando um valor maior é colocado no input",
              "fullTitle": "11 - Crie uma função que limite o tamanho mínimo e máximo do quadro de pixels Verifica se a altura do board é 50 quando um valor maior é colocado no input",
              "timedOut": null,
              "duration": 4376,
              "state": "failed",
              "speed": null,
              "pass": false,
              "fail": true,
              "pending": false,
              "context": null,
              "code": "cy.get('#board-size').clear().type(51);\ncy.get('#generate-board').click();\ncy.get('.pixel').should('have.length', 2500);",
              "err": {
                "message": "CypressError: Timed out retrying: Expected to find element: '#board-size', but never found it.",
                "estack": "CypressError: Timed out retrying: Expected to find element: '#board-size', but never found it.\n    at cypressErr (http://localhost:39123/__cypress/runner/cypress_runner.js:149934:9)\n    at throwErr (http://localhost:39123/__cypress/runner/cypress_runner.js:149867:11)\n    at Object.throwErrByPath (http://localhost:39123/__cypress/runner/cypress_runner.js:149915:3)\n    at retry (http://localhost:39123/__cypress/runner/cypress_runner.js:144197:19)\n    at onFailFn (http://localhost:39123/__cypress/runner/cypress_runner.js:132448:16)\n    at tryCatcher (http://localhost:39123/__cypress/runner/cypress_runner.js:167415:23)\n    at Promise._settlePromiseFromHandler (http://localhost:39123/__cypress/runner/cypress_runner.js:165351:31)\n    at Promise._settlePromise (http://localhost:39123/__cypress/runner/cypress_runner.js:165408:18)\n    at Promise._settlePromise0 (http://localhost:39123/__cypress/runner/cypress_runner.js:165453:10)\n    at Promise._settlePromises (http://localhost:39123/__cypress/runner/cypress_runner.js:165528:18)\n    at Async../node_modules/bluebird/js/release/async.js.Async._drainQueue (http://localhost:39123/__cypress/runner/cypress_runner.js:162140:16)\n    at Async../node_modules/bluebird/js/release/async.js.Async._drainQueues (http://localhost:39123/__cypress/runner/cypress_runner.js:162150:10)\n    at Async.drainQueues (http://localhost:39123/__cypress/runner/cypress_runner.js:162024:14)",
                "diff": null
              },
              "uuid": "cb0a99ae-2a9d-4239-88d0-a7285c91893a",
              "parentUUID": "3536ae15-54aa-4c9b-86c9-54af57828297",
              "isHook": false,
              "skipped": false
            }
          ],
          "suites": [],
          "passes": [],
          "failures": [
            "f7f922b7-8294-430e-a2e6-1b976569c368",
            "dca9833f-4349-44cc-b27a-95a35fc392bd",
            "cb0a99ae-2a9d-4239-88d0-a7285c91893a"
          ],
          "pending": [],
          "skipped": [],
          "duration": 13201,
          "root": false,
          "rootEmpty": false,
          "_timeout": 2000
        },
        {
          "uuid": "8b0dc46a-75f2-4562-aee4-3614644ed444",
          "title": "12 - Crie uma função para gerar as cores aleatoriamente ao carregar a página, com exceção da cor preta",
          "fullFile": "",
          "file": "",
          "beforeHooks": [],
          "afterHooks": [],
          "tests": [
            {
              "title": "Verifica se as cores geradas na paleta são diferentes a cada carregamento da página",
              "fullTitle": "12 - Crie uma função para gerar as cores aleatoriamente ao carregar a página, com exceção da cor preta Verifica se as cores geradas na paleta são diferentes a cada carregamento da página",
              "timedOut": null,
              "duration": 345,
              "state": "failed",
              "speed": null,
              "pass": false,
              "fail": true,
              "pending": false,
              "context": null,
              "code": "cy.get('.color').then(function (colors) {\n  var currentColors;\n  var previousColors;\n  previousColors = Array.from(colors).map(function (color) {\n    return Cypress.$(color).css('background-color');\n  });\n  for (var i = 0; i < 5; i += 1) {\n    cy.reload();\n    cy.get('.color').then(function (colors) {\n      currentColors = Array.from(colors).map(function (color) {\n        return Cypress.$(color).css('background-color');\n      });\n      expect(currentColors).not.to.deep.equal(previousColors);\n      previousColors = currentColors;\n    });\n  }\n});",
              "err": {
                "message": "AssertionError: expected [ Array(4) ] to not deeply equal [ Array(4) ]",
                "estack": "AssertionError: expected [ Array(4) ] to not deeply equal [ Array(4) ]\n    at getRet (http://localhost:39123/__cypress/runner/cypress_runner.js:136585:16)\n    at tryCatcher (http://localhost:39123/__cypress/runner/cypress_runner.js:167415:23)\n    at Function.Promise.attempt.Promise.try (http://localhost:39123/__cypress/runner/cypress_runner.js:164690:29)\n    at Context.thenFn (http://localhost:39123/__cypress/runner/cypress_runner.js:136599:23)\n    at Context.then (http://localhost:39123/__cypress/runner/cypress_runner.js:136971:21)\n    at Context.<anonymous> (http://localhost:39123/__cypress/runner/cypress_runner.js:148875:21)\n    at http://localhost:39123/__cypress/runner/cypress_runner.js:148351:33\n    at tryCatcher (http://localhost:39123/__cypress/runner/cypress_runner.js:167415:23)\n    at Promise._settlePromiseFromHandler (http://localhost:39123/__cypress/runner/cypress_runner.js:165351:31)\n    at Promise._settlePromise (http://localhost:39123/__cypress/runner/cypress_runner.js:165408:18)\n    at Promise._settlePromiseCtx (http://localhost:39123/__cypress/runner/cypress_runner.js:165445:10)\n    at Async../node_modules/bluebird/js/release/async.js.Async._drainQueue (http://localhost:39123/__cypress/runner/cypress_runner.js:162145:12)\n    at Async../node_modules/bluebird/js/release/async.js.Async._drainQueues (http://localhost:39123/__cypress/runner/cypress_runner.js:162150:10)\n    at Async.drainQueues (http://localhost:39123/__cypress/runner/cypress_runner.js:162024:14)",
                "diff": ""
              },
              "uuid": "a7c0f6c4-0590-416f-b414-063ee8e953b2",
              "parentUUID": "8b0dc46a-75f2-4562-aee4-3614644ed444",
              "isHook": false,
              "skipped": false
            },
            {
              "title": "Verifica se a cor preta ainda está presente e é a primeira na sua paleta de cores",
              "fullTitle": "12 - Crie uma função para gerar as cores aleatoriamente ao carregar a página, com exceção da cor preta Verifica se a cor preta ainda está presente e é a primeira na sua paleta de cores",
              "timedOut": null,
              "duration": 363,
              "state": "failed",
              "speed": null,
              "pass": false,
              "fail": true,
              "pending": false,
              "context": null,
              "code": "cy.get('.color').then(function (colors) {\n  var currentColors;\n  var previousColors;\n  previousColors = Array.from(colors).map(function (color) {\n    return Cypress.$(color).css('background-color');\n  });\n  expect(previousColors[0]).to.eq(BLACK);\n  for (var i = 0; i < 5; i += 1) {\n    cy.reload();\n    cy.get('.color').then(function (colors) {\n      currentColors = Array.from(colors).map(function (color) {\n        return Cypress.$(color).css('background-color');\n      });\n      expect(currentColors[0]).to.eq(BLACK);\n      expect(currentColors).not.to.deep.equal(previousColors);\n      previousColors = currentColors;\n    });\n  }\n});",
              "err": {
                "message": "AssertionError: expected [ Array(4) ] to not deeply equal [ Array(4) ]",
                "estack": "AssertionError: expected [ Array(4) ] to not deeply equal [ Array(4) ]\n    at getRet (http://localhost:39123/__cypress/runner/cypress_runner.js:136585:16)\n    at tryCatcher (http://localhost:39123/__cypress/runner/cypress_runner.js:167415:23)\n    at Function.Promise.attempt.Promise.try (http://localhost:39123/__cypress/runner/cypress_runner.js:164690:29)\n    at Context.thenFn (http://localhost:39123/__cypress/runner/cypress_runner.js:136599:23)\n    at Context.then (http://localhost:39123/__cypress/runner/cypress_runner.js:136971:21)\n    at Context.<anonymous> (http://localhost:39123/__cypress/runner/cypress_runner.js:148875:21)\n    at http://localhost:39123/__cypress/runner/cypress_runner.js:148351:33\n    at tryCatcher (http://localhost:39123/__cypress/runner/cypress_runner.js:167415:23)\n    at Promise._settlePromiseFromHandler (http://localhost:39123/__cypress/runner/cypress_runner.js:165351:31)\n    at Promise._settlePromise (http://localhost:39123/__cypress/runner/cypress_runner.js:165408:18)\n    at Promise._settlePromiseCtx (http://localhost:39123/__cypress/runner/cypress_runner.js:165445:10)\n    at Async../node_modules/bluebird/js/release/async.js.Async._drainQueue (http://localhost:39123/__cypress/runner/cypress_runner.js:162145:12)\n    at Async../node_modules/bluebird/js/release/async.js.Async._drainQueues (http://localhost:39123/__cypress/runner/cypress_runner.js:162150:10)\n    at Async.drainQueues (http://localhost:39123/__cypress/runner/cypress_runner.js:162024:14)",
                "diff": ""
              },
              "uuid": "867ce57e-6e12-441f-b643-7cdc66d2a58e",
              "parentUUID": "8b0dc46a-75f2-4562-aee4-3614644ed444",
              "isHook": false,
              "skipped": false
            }
          ],
          "suites": [],
          "passes": [],
          "failures": [
            "a7c0f6c4-0590-416f-b414-063ee8e953b2",
            "867ce57e-6e12-441f-b643-7cdc66d2a58e"
          ],
          "pending": [],
          "skipped": [],
          "duration": 708,
          "root": false,
          "rootEmpty": false,
          "_timeout": 2000
        }
      ],
      "passes": [],
      "failures": [],
      "pending": [],
      "skipped": [],
      "duration": 0,
      "root": true,
      "rootEmpty": true,
      "_timeout": 2000
    }
  ],
  "meta": {
    "mocha": {
      "version": "7.0.1"
    },
    "mochawesome": {
      "options": {
        "quiet": false,
        "reportFilename": "mochawesome",
        "saveHtml": false,
        "saveJson": true,
        "consoleReporter": "spec",
        "useInlineDiffs": false
      },
      "version": "4.1.0"
    },
    "marge": {
      "options": {
        "id": "default",
        "reportDir": "cypress/reports",
        "overwrite": true,
        "html": false,
        "json": true
      },
      "version": "4.1.0"
    }
  }
}