{
  "stats": {
    "suites": 12,
    "tests": 41,
    "passes": 23,
    "pending": 0,
    "failures": 18,
    "start": "2022-08-04T22:17:59.193Z",
    "end": "2022-08-04T22:19:36.626Z",
    "duration": 97433,
    "testsRegistered": 41,
    "passPercent": 56.09756097560976,
    "pendingPercent": 0,
    "other": 0,
    "hasOther": false,
    "skipped": 0,
    "hasSkipped": false
  },
  "results": [
    {
      "uuid": "25367927-0d25-4a71-a3e7-a8e5f140b176",
      "title": "",
      "fullFile": "cypress/integration/project.spec.js",
      "file": "cypress/integration/project.spec.js",
      "beforeHooks": [],
      "afterHooks": [],
      "tests": [],
      "suites": [
        {
          "uuid": "9196db0d-758a-4cef-a90d-a2bacad9716f",
          "title": "1 - Adicione à página o título \"Paleta de Cores\"",
          "fullFile": "",
          "file": "",
          "beforeHooks": [],
          "afterHooks": [],
          "tests": [
            {
              "title": "Verifica se contém um elemento `h1` com o id `title` com o título correto",
              "fullTitle": "1 - Adicione à página o título \"Paleta de Cores\" Verifica se contém um elemento `h1` com o id `title` com o título correto",
              "timedOut": null,
              "duration": 148,
              "state": "passed",
              "speed": "slow",
              "pass": true,
              "fail": false,
              "pending": false,
              "context": null,
              "code": "cy.get('h1#title').should('contain.text', 'Paleta de Cores');",
              "err": {},
              "uuid": "9152f51b-48f6-4c70-8089-32707079f374",
              "parentUUID": "9196db0d-758a-4cef-a90d-a2bacad9716f",
              "isHook": false,
              "skipped": false
            }
          ],
          "suites": [],
          "passes": [
            "9152f51b-48f6-4c70-8089-32707079f374"
          ],
          "failures": [],
          "pending": [],
          "skipped": [],
          "duration": 148,
          "root": false,
          "rootEmpty": false,
          "_timeout": 2000
        },
        {
          "uuid": "9c5719a8-542a-4df2-b976-215b7b765637",
          "title": "2 - Adicione à página uma paleta contendo quatro cores distintas",
          "fullFile": "",
          "file": "",
          "beforeHooks": [],
          "afterHooks": [],
          "tests": [
            {
              "title": "A paleta de cores deve ser um elemento com `id` denominado `color-palette` e ter mais de 0px de altura e de largura.",
              "fullTitle": "2 - Adicione à página uma paleta contendo quatro cores distintas A paleta de cores deve ser um elemento com `id` denominado `color-palette` e ter mais de 0px de altura e de largura.",
              "timedOut": null,
              "duration": 93,
              "state": "passed",
              "speed": "slow",
              "pass": true,
              "fail": false,
              "pending": false,
              "context": null,
              "code": "cy.get('#color-palette').should('be.visible');\ncy.get('#color-palette').children('.color');",
              "err": {},
              "uuid": "dffab45a-6fca-4506-8f59-4f2bba3a8eb4",
              "parentUUID": "9c5719a8-542a-4df2-b976-215b7b765637",
              "isHook": false,
              "skipped": false
            },
            {
              "title": "Verifica se cada cor individual da paleta de cores possui a `classe` chamada `color`.",
              "fullTitle": "2 - Adicione à página uma paleta contendo quatro cores distintas Verifica se cada cor individual da paleta de cores possui a `classe` chamada `color`.",
              "timedOut": null,
              "duration": 182,
              "state": "passed",
              "speed": "slow",
              "pass": true,
              "fail": false,
              "pending": false,
              "context": null,
              "code": "cy.get('.color').should('have.length', 4).then(function (colors) {\n  for (var i = 0; i < colors.length; i++) {\n    cy.wrap(colors[i]).should('be.visible');\n  }\n});",
              "err": {},
              "uuid": "ad2d6b19-cc33-4df1-b2a2-b0191447a7e3",
              "parentUUID": "9c5719a8-542a-4df2-b976-215b7b765637",
              "isHook": false,
              "skipped": false
            },
            {
              "title": "Verifica se a cor de fundo de cada elemento da paleta é a cor que o elemento representa. **A única cor não permitida na paleta é a cor branca.**",
              "fullTitle": "2 - Adicione à página uma paleta contendo quatro cores distintas Verifica se a cor de fundo de cada elemento da paleta é a cor que o elemento representa. **A única cor não permitida na paleta é a cor branca.**",
              "timedOut": null,
              "duration": 127,
              "state": "passed",
              "speed": "slow",
              "pass": true,
              "fail": false,
              "pending": false,
              "context": null,
              "code": "cy.get('.color').each(function (color) {\n  cy.wrap(color).should('have.class', 'color').and('not.have.css', 'background-color', WHITE);\n  cy.wrap(color).should('have.css', 'background-color');\n});",
              "err": {},
              "uuid": "e2366f5e-d61a-428f-8a27-3f3376a034d2",
              "parentUUID": "9c5719a8-542a-4df2-b976-215b7b765637",
              "isHook": false,
              "skipped": false
            },
            {
              "title": "Verifica se cada elemento da paleta de cores tem uma borda preta, sólida e com 1 pixel de largura;",
              "fullTitle": "2 - Adicione à página uma paleta contendo quatro cores distintas Verifica se cada elemento da paleta de cores tem uma borda preta, sólida e com 1 pixel de largura;",
              "timedOut": null,
              "duration": 165,
              "state": "passed",
              "speed": "slow",
              "pass": true,
              "fail": false,
              "pending": false,
              "context": null,
              "code": "cy.get('.color').each(function (color) {\n  cy.wrap(color).and('have.css', 'border', \"1px solid \".concat(BLACK)).and('have.class', 'color');\n});",
              "err": {},
              "uuid": "257cf85c-12f6-4057-88bb-557a5299e360",
              "parentUUID": "9c5719a8-542a-4df2-b976-215b7b765637",
              "isHook": false,
              "skipped": false
            },
            {
              "title": "Verifica se a paleta lista todas as cores disponíveis para utilização, lado a lado.",
              "fullTitle": "2 - Adicione à página uma paleta contendo quatro cores distintas Verifica se a paleta lista todas as cores disponíveis para utilização, lado a lado.",
              "timedOut": null,
              "duration": 119,
              "state": "passed",
              "speed": "slow",
              "pass": true,
              "fail": false,
              "pending": false,
              "context": null,
              "code": "cy.get('.color').then(function (colors) {\n  for (var index = 1; index < colors.length; index += 1) {\n    var currentColor = colors[index];\n    var previousColor = colors[index - 1];\n    cy.wrap(currentColor).should('be.onTheRightOf', previousColor).and('be.horizontallyAlignedWith', previousColor);\n  }\n});",
              "err": {},
              "uuid": "dc61f96d-d0b7-427f-b820-d7ced5601a70",
              "parentUUID": "9c5719a8-542a-4df2-b976-215b7b765637",
              "isHook": false,
              "skipped": false
            },
            {
              "title": "Verifica se a paleta de cores está posicionada abaixo do título 'Paleta de Cores'",
              "fullTitle": "2 - Adicione à página uma paleta contendo quatro cores distintas Verifica se a paleta de cores está posicionada abaixo do título 'Paleta de Cores'",
              "timedOut": null,
              "duration": 151,
              "state": "passed",
              "speed": "slow",
              "pass": true,
              "fail": false,
              "pending": false,
              "context": null,
              "code": "cy.get('h1#title').then(function (title) {\n  cy.get('#color-palette').should('be.belowOf', title);\n});",
              "err": {},
              "uuid": "ddf11690-8eb5-462b-922c-70d497e952de",
              "parentUUID": "9c5719a8-542a-4df2-b976-215b7b765637",
              "isHook": false,
              "skipped": false
            },
            {
              "title": "Verifica se a paleta de cores não contém cores repetidas.",
              "fullTitle": "2 - Adicione à página uma paleta contendo quatro cores distintas Verifica se a paleta de cores não contém cores repetidas.",
              "timedOut": null,
              "duration": 92,
              "state": "passed",
              "speed": "slow",
              "pass": true,
              "fail": false,
              "pending": false,
              "context": null,
              "code": "cy.get('.color').then(function (colors) {\n  var allColors = Array.from(colors).map(function (color) {\n    return Cypress.$(color).css('background-color');\n  });\n  cy.log(allColors);\n  var uniqColors = (0, _toConsumableArray2[\"default\"])(new Set(allColors));\n  cy.log(uniqColors);\n  expect(allColors.length).to.eq(uniqColors.length);\n});",
              "err": {},
              "uuid": "b54103d9-690b-49a2-9685-d4131cef75f7",
              "parentUUID": "9c5719a8-542a-4df2-b976-215b7b765637",
              "isHook": false,
              "skipped": false
            }
          ],
          "suites": [],
          "passes": [
            "dffab45a-6fca-4506-8f59-4f2bba3a8eb4",
            "ad2d6b19-cc33-4df1-b2a2-b0191447a7e3",
            "e2366f5e-d61a-428f-8a27-3f3376a034d2",
            "257cf85c-12f6-4057-88bb-557a5299e360",
            "dc61f96d-d0b7-427f-b820-d7ced5601a70",
            "ddf11690-8eb5-462b-922c-70d497e952de",
            "b54103d9-690b-49a2-9685-d4131cef75f7"
          ],
          "failures": [],
          "pending": [],
          "skipped": [],
          "duration": 929,
          "root": false,
          "rootEmpty": false,
          "_timeout": 2000
        },
        {
          "uuid": "715a4873-02f6-4350-a5fa-34d93ce2fcf1",
          "title": "3 - Adicione a cor **preta** como a primeira cor da paleta de cores",
          "fullFile": "",
          "file": "",
          "beforeHooks": [],
          "afterHooks": [],
          "tests": [
            {
              "title": "Verifica se a primeira cor da paleta é preta",
              "fullTitle": "3 - Adicione a cor **preta** como a primeira cor da paleta de cores Verifica se a primeira cor da paleta é preta",
              "timedOut": null,
              "duration": 102,
              "state": "passed",
              "speed": "slow",
              "pass": true,
              "fail": false,
              "pending": false,
              "context": null,
              "code": "cy.get('.color').first().should('have.css', 'background-color', BLACK);",
              "err": {},
              "uuid": "48aaf62d-5f3f-48be-ae79-1d6c2eee001d",
              "parentUUID": "715a4873-02f6-4350-a5fa-34d93ce2fcf1",
              "isHook": false,
              "skipped": false
            },
            {
              "title": "Verifica se as demais cores podem ser escolhidas livremente.",
              "fullTitle": "3 - Adicione a cor **preta** como a primeira cor da paleta de cores Verifica se as demais cores podem ser escolhidas livremente.",
              "timedOut": null,
              "duration": 188,
              "state": "passed",
              "speed": "slow",
              "pass": true,
              "fail": false,
              "pending": false,
              "context": null,
              "code": "cy.get('.color').eq(1).should('not.have.css', 'background-color', BLACK);\ncy.get('.color').eq(1).should('not.have.css', 'background-color', WHITE);\ncy.get('.color').eq(1).should('not.have.css', 'background-color', 'rgba(0, 0, 0, 0)');\ncy.get('.color').eq(1).should('have.css', 'background-color');\ncy.get('.color').eq(2).should('not.have.css', 'background-color', BLACK);\ncy.get('.color').eq(2).should('not.have.css', 'background-color', WHITE);\ncy.get('.color').eq(2).should('not.have.css', 'background-color', 'rgba(0, 0, 0, 0)');\ncy.get('.color').eq(2).should('have.css', 'background-color');\ncy.get('.color').eq(3).should('not.have.css', 'background-color', BLACK);\ncy.get('.color').eq(3).should('not.have.css', 'background-color', WHITE);\ncy.get('.color').eq(3).should('not.have.css', 'background-color', 'rgba(0, 0, 0, 0)');\ncy.get('.color').eq(3).should('have.css', 'background-color');",
              "err": {},
              "uuid": "2d6598bf-70be-408f-b96a-697b8bbf9b20",
              "parentUUID": "715a4873-02f6-4350-a5fa-34d93ce2fcf1",
              "isHook": false,
              "skipped": false
            }
          ],
          "suites": [],
          "passes": [
            "48aaf62d-5f3f-48be-ae79-1d6c2eee001d",
            "2d6598bf-70be-408f-b96a-697b8bbf9b20"
          ],
          "failures": [],
          "pending": [],
          "skipped": [],
          "duration": 290,
          "root": false,
          "rootEmpty": false,
          "_timeout": 2000
        },
        {
          "uuid": "7549431d-2c24-4546-b911-b467449a1a81",
          "title": "4 - Adicione à página um quadro contendo 25 pixels",
          "fullFile": "",
          "file": "",
          "beforeHooks": [],
          "afterHooks": [],
          "tests": [
            {
              "title": "Verifica se o quadro de pixels possui o `id` denominado `pixel-board`",
              "fullTitle": "4 - Adicione à página um quadro contendo 25 pixels Verifica se o quadro de pixels possui o `id` denominado `pixel-board`",
              "timedOut": null,
              "duration": 80,
              "state": "passed",
              "speed": "slow",
              "pass": true,
              "fail": false,
              "pending": false,
              "context": null,
              "code": "cy.get('#pixel-board').should('be.visible');",
              "err": {},
              "uuid": "6894d783-df03-43ae-8092-09f68da6ea19",
              "parentUUID": "7549431d-2c24-4546-b911-b467449a1a81",
              "isHook": false,
              "skipped": false
            },
            {
              "title": "Verifica se cada pixel individual dentro do quadro possui a `classe` denominada `pixel`.",
              "fullTitle": "4 - Adicione à página um quadro contendo 25 pixels Verifica se cada pixel individual dentro do quadro possui a `classe` denominada `pixel`.",
              "timedOut": null,
              "duration": 149,
              "state": "passed",
              "speed": "slow",
              "pass": true,
              "fail": false,
              "pending": false,
              "context": null,
              "code": "cy.get('.pixel').should('have.length', 25);",
              "err": {},
              "uuid": "aedbbe01-869a-4f9c-bb57-b62e17721703",
              "parentUUID": "7549431d-2c24-4546-b911-b467449a1a81",
              "isHook": false,
              "skipped": false
            },
            {
              "title": "Verifica se a cor inicial dos pixels dentro do quadro, ao abrir a página, é branca.",
              "fullTitle": "4 - Adicione à página um quadro contendo 25 pixels Verifica se a cor inicial dos pixels dentro do quadro, ao abrir a página, é branca.",
              "timedOut": null,
              "duration": 145,
              "state": "passed",
              "speed": "slow",
              "pass": true,
              "fail": false,
              "pending": false,
              "context": null,
              "code": "cy.get('.pixel').should('have.length', 25).each(function (pixel) {\n  expect(pixel).to.have.css('background-color', WHITE);\n});",
              "err": {},
              "uuid": "da537ae5-2e93-4a38-b18d-719eff17a92e",
              "parentUUID": "7549431d-2c24-4546-b911-b467449a1a81",
              "isHook": false,
              "skipped": false
            },
            {
              "title": "Verifica se o quadro de pixels aparece abaixo da paleta de cores",
              "fullTitle": "4 - Adicione à página um quadro contendo 25 pixels Verifica se o quadro de pixels aparece abaixo da paleta de cores",
              "timedOut": null,
              "duration": 115,
              "state": "passed",
              "speed": "slow",
              "pass": true,
              "fail": false,
              "pending": false,
              "context": null,
              "code": "cy.get('#color-palette').then(function (palette) {\n  cy.get('#pixel-board').should('be.belowOf', palette);\n});",
              "err": {},
              "uuid": "4b2346a4-8a41-4c47-b668-527122bbdb6a",
              "parentUUID": "7549431d-2c24-4546-b911-b467449a1a81",
              "isHook": false,
              "skipped": false
            }
          ],
          "suites": [],
          "passes": [
            "6894d783-df03-43ae-8092-09f68da6ea19",
            "aedbbe01-869a-4f9c-bb57-b62e17721703",
            "da537ae5-2e93-4a38-b18d-719eff17a92e",
            "4b2346a4-8a41-4c47-b668-527122bbdb6a"
          ],
          "failures": [],
          "pending": [],
          "skipped": [],
          "duration": 489,
          "root": false,
          "rootEmpty": false,
          "_timeout": 2000
        },
        {
          "uuid": "71bc98bc-2768-4077-a4e1-3153c5626748",
          "title": "5 - Faça com que cada elemento do quadro de pixels possua 40 pixels de largura, 40 pixels de altura e seja delimitado por uma borda preta de 1 pixel",
          "fullFile": "",
          "file": "",
          "beforeHooks": [],
          "afterHooks": [],
          "tests": [
            {
              "title": "Verifica se o quadro de pixels tem altura e comprimento de 5 elementos",
              "fullTitle": "5 - Faça com que cada elemento do quadro de pixels possua 40 pixels de largura, 40 pixels de altura e seja delimitado por uma borda preta de 1 pixel Verifica se o quadro de pixels tem altura e comprimento de 5 elementos",
              "timedOut": null,
              "duration": 298,
              "state": "passed",
              "speed": "slow",
              "pass": true,
              "fail": false,
              "pending": false,
              "context": null,
              "code": "cy.get('.pixel').should('have.length', 25).each(function (pixel) {\n  expect(pixel).to.have.css('background-color', WHITE);\n}).and(function (pixels) {\n  var rows = chunk(pixels, 5);\n  rows.forEach(function (row) {\n    for (var index = 1; index < row.length; index += 1) {\n      var current = pixels[index];\n      var previous = pixels[index - 1];\n      cy.wrap(current).should('be.onTheRightOf', previous).and('be.horizontallyAlignedWith', previous);\n    }\n  });\n  for (var index = 1; index < 5; index += 1) {\n    expect(pixels[index * 5]).to.be.belowOf(pixels[(index - 1) * 5]);\n  }\n});",
              "err": {},
              "uuid": "7035d70e-932f-41c5-81ff-f73dc7f42a89",
              "parentUUID": "71bc98bc-2768-4077-a4e1-3153c5626748",
              "isHook": false,
              "skipped": false
            },
            {
              "title": "Verifica se 40 pixels é o tamanho total do elemento, incluindo seu conteúdo e excluindo a borda preta, que deve ser criada à parte.",
              "fullTitle": "5 - Faça com que cada elemento do quadro de pixels possua 40 pixels de largura, 40 pixels de altura e seja delimitado por uma borda preta de 1 pixel Verifica se 40 pixels é o tamanho total do elemento, incluindo seu conteúdo e excluindo a borda preta, que deve ser criada à parte.",
              "timedOut": null,
              "duration": 270,
              "state": "passed",
              "speed": "slow",
              "pass": true,
              "fail": false,
              "pending": false,
              "context": null,
              "code": "cy.get('.pixel').each(function (pixel) {\n  cy.wrap(pixel).should('have.css', 'height', '40px').and('have.css', 'width', '40px').and('have.css', 'border', \"1px solid \".concat(BLACK));\n});",
              "err": {},
              "uuid": "ad97f36b-d8c9-4787-b597-8d306bcf1e2b",
              "parentUUID": "71bc98bc-2768-4077-a4e1-3153c5626748",
              "isHook": false,
              "skipped": false
            }
          ],
          "suites": [],
          "passes": [
            "7035d70e-932f-41c5-81ff-f73dc7f42a89",
            "ad97f36b-d8c9-4787-b597-8d306bcf1e2b"
          ],
          "failures": [],
          "pending": [],
          "skipped": [],
          "duration": 568,
          "root": false,
          "rootEmpty": false,
          "_timeout": 2000
        },
        {
          "uuid": "6e7b1f91-375f-4c02-82f9-aec70da1f75d",
          "title": "6 - Defina a cor preta como cor inicial da paleta de cores. Ao carregar a página a cor preta já deve estar selecionada para pintar os pixels",
          "fullFile": "",
          "file": "",
          "beforeHooks": [],
          "afterHooks": [],
          "tests": [
            {
              "title": "Verifica se o elemento da cor preta possui, inicialmente, a `classe` `selected`",
              "fullTitle": "6 - Defina a cor preta como cor inicial da paleta de cores. Ao carregar a página a cor preta já deve estar selecionada para pintar os pixels Verifica se o elemento da cor preta possui, inicialmente, a `classe` `selected`",
              "timedOut": null,
              "duration": 78,
              "state": "passed",
              "speed": "slow",
              "pass": true,
              "fail": false,
              "pending": false,
              "context": null,
              "code": "cy.get('.selected').first().should('have.css', 'background-color', BLACK);",
              "err": {},
              "uuid": "02fbf231-ec05-4647-94ac-d6e288199821",
              "parentUUID": "6e7b1f91-375f-4c02-82f9-aec70da1f75d",
              "isHook": false,
              "skipped": false
            },
            {
              "title": "Verifica se nenhuma outra cor da paleta tem a `classe` `selected`",
              "fullTitle": "6 - Defina a cor preta como cor inicial da paleta de cores. Ao carregar a página a cor preta já deve estar selecionada para pintar os pixels Verifica se nenhuma outra cor da paleta tem a `classe` `selected`",
              "timedOut": null,
              "duration": 99,
              "state": "passed",
              "speed": "slow",
              "pass": true,
              "fail": false,
              "pending": false,
              "context": null,
              "code": "cy.get('.color:not(:first-child)').each(function (color) {\n  cy.wrap(color).should('not.have.class', 'selected');\n});",
              "err": {},
              "uuid": "d1e7e717-5c12-4a70-a17e-64b5ff99bfc1",
              "parentUUID": "6e7b1f91-375f-4c02-82f9-aec70da1f75d",
              "isHook": false,
              "skipped": false
            }
          ],
          "suites": [],
          "passes": [
            "02fbf231-ec05-4647-94ac-d6e288199821",
            "d1e7e717-5c12-4a70-a17e-64b5ff99bfc1"
          ],
          "failures": [],
          "pending": [],
          "skipped": [],
          "duration": 177,
          "root": false,
          "rootEmpty": false,
          "_timeout": 2000
        },
        {
          "uuid": "cbeed7bb-80f3-4dc7-bbf4-58d37b207715",
          "title": "7 - Crie uma função para selecionar uma cor na paleta de cores e preencher os pixels no quadro",
          "fullFile": "",
          "file": "",
          "beforeHooks": [],
          "afterHooks": [],
          "tests": [
            {
              "title": "Verifica se somente uma cor da paleta de cores tem a classe `selected` de cada vez",
              "fullTitle": "7 - Crie uma função para selecionar uma cor na paleta de cores e preencher os pixels no quadro Verifica se somente uma cor da paleta de cores tem a classe `selected` de cada vez",
              "timedOut": null,
              "duration": 602,
              "state": "passed",
              "speed": "slow",
              "pass": true,
              "fail": false,
              "pending": false,
              "context": null,
              "code": "cy.get('.color').each(function (selectedColor, selectedColorIndex) {\n  cy.wrap(selectedColor).click();\n  cy.get('.color').each(function (color, colorIndex) {\n    if (colorIndex === selectedColorIndex) {\n      expect(color).to.have[\"class\"]('selected');\n    } else {\n      expect(color).not.to.have[\"class\"]('selected');\n    }\n  });\n});",
              "err": {},
              "uuid": "258fb4ab-6c1e-408f-a77d-67943f194b65",
              "parentUUID": "cbeed7bb-80f3-4dc7-bbf4-58d37b207715",
              "isHook": false,
              "skipped": false
            },
            {
              "title": "Verifica se os pixels dentro do quadro não têm a classe `selected` quando são clicados",
              "fullTitle": "7 - Crie uma função para selecionar uma cor na paleta de cores e preencher os pixels no quadro Verifica se os pixels dentro do quadro não têm a classe `selected` quando são clicados",
              "timedOut": null,
              "duration": 8970,
              "state": "passed",
              "speed": "slow",
              "pass": true,
              "fail": false,
              "pending": false,
              "context": null,
              "code": "cy.get('.color').each(function (color) {\n  var backgroundColor = color.css('background-color');\n  cy.wrap(color).click();\n  cy.get('.pixel').each(function (pixel) {\n    cy.wrap(pixel).click().should('not.have.class', 'selected');\n  });\n});",
              "err": {},
              "uuid": "2de5f144-f7e4-468b-af7d-28be68349512",
              "parentUUID": "cbeed7bb-80f3-4dc7-bbf4-58d37b207715",
              "isHook": false,
              "skipped": false
            }
          ],
          "suites": [],
          "passes": [
            "258fb4ab-6c1e-408f-a77d-67943f194b65",
            "2de5f144-f7e4-468b-af7d-28be68349512"
          ],
          "failures": [],
          "pending": [],
          "skipped": [],
          "duration": 9572,
          "root": false,
          "rootEmpty": false,
          "_timeout": 2000
        },
        {
          "uuid": "7fa7ea21-0392-41dd-a501-00a42dbaee2b",
          "title": "8 - Crie uma função que permita preencher um pixel do quadro com a cor selecionada na paleta de cores",
          "fullFile": "",
          "file": "",
          "beforeHooks": [],
          "afterHooks": [],
          "tests": [
            {
              "title": "Verifica se ao carregar a página deve ser possível pintar os pixels de preto",
              "fullTitle": "8 - Crie uma função que permita preencher um pixel do quadro com a cor selecionada na paleta de cores Verifica se ao carregar a página deve ser possível pintar os pixels de preto",
              "timedOut": null,
              "duration": 2141,
              "state": "passed",
              "speed": "slow",
              "pass": true,
              "fail": false,
              "pending": false,
              "context": null,
              "code": "cy.get('.pixel').each(function (pixel) {\n  cy.wrap(pixel).click().should('have.css', 'background-color', BLACK);\n});",
              "err": {},
              "uuid": "c439861c-02a6-4b2e-914a-6fe572485269",
              "parentUUID": "7fa7ea21-0392-41dd-a501-00a42dbaee2b",
              "isHook": false,
              "skipped": false
            },
            {
              "title": "Verifica se após selecionar uma outra cor na paleta, é possível pintar os pixels com essa cor",
              "fullTitle": "8 - Crie uma função que permita preencher um pixel do quadro com a cor selecionada na paleta de cores Verifica se após selecionar uma outra cor na paleta, é possível pintar os pixels com essa cor",
              "timedOut": null,
              "duration": 8653,
              "state": "passed",
              "speed": "slow",
              "pass": true,
              "fail": false,
              "pending": false,
              "context": null,
              "code": "cy.get('.color').each(function (color) {\n  var backgroundColor = color.css('background-color');\n  cy.wrap(color).click();\n  cy.get('.pixel').each(function (pixel) {\n    cy.wrap(pixel).click().should('have.css', 'background-color', backgroundColor);\n  });\n});",
              "err": {},
              "uuid": "fc153415-d814-4f0e-ae66-1159b65e7888",
              "parentUUID": "7fa7ea21-0392-41dd-a501-00a42dbaee2b",
              "isHook": false,
              "skipped": false
            },
            {
              "title": "Verifica se somente o pixel que foi clicado foi preenchido com a cor selecionada, sem influenciar na cor dos demais pixels.",
              "fullTitle": "8 - Crie uma função que permita preencher um pixel do quadro com a cor selecionada na paleta de cores Verifica se somente o pixel que foi clicado foi preenchido com a cor selecionada, sem influenciar na cor dos demais pixels.",
              "timedOut": null,
              "duration": 1273,
              "state": "passed",
              "speed": "slow",
              "pass": true,
              "fail": false,
              "pending": false,
              "context": null,
              "code": "var colorToPixelIndexMap = {\n  0: 6,\n  1: 8,\n  2: 16,\n  3: 18\n};\ncy.get('.color').each(function (color, index) {\n  cy.wrap(color).click();\n  var backgroundColor = color.css('background-color');\n  var clickedPixelIndex = colorToPixelIndexMap[index];\n  cy.get('.pixel').eq(clickedPixelIndex).click();\n  cy.get('.pixel').eq(clickedPixelIndex - 1).should('not.have.css', 'background-color', backgroundColor);\n  cy.get('.pixel').eq(clickedPixelIndex + 1).should('not.have.css', 'background-color', backgroundColor);\n  cy.get('.pixel').eq(clickedPixelIndex - 5).should('not.have.css', 'background-color', backgroundColor);\n  cy.get('.pixel').eq(clickedPixelIndex + 5).should('not.have.css', 'background-color', backgroundColor);\n  cy.get('.pixel').eq(clickedPixelIndex - 6).should('not.have.css', 'background-color', backgroundColor);\n  cy.get('.pixel').eq(clickedPixelIndex - 4).should('not.have.css', 'background-color', backgroundColor);\n  cy.get('.pixel').eq(clickedPixelIndex + 4).should('not.have.css', 'background-color', backgroundColor);\n  cy.get('.pixel').eq(clickedPixelIndex + 6).should('not.have.css', 'background-color', backgroundColor);\n});",
              "err": {},
              "uuid": "fd2f926d-2ada-478b-8319-ae4fb5c7eef0",
              "parentUUID": "7fa7ea21-0392-41dd-a501-00a42dbaee2b",
              "isHook": false,
              "skipped": false
            }
          ],
          "suites": [],
          "passes": [
            "c439861c-02a6-4b2e-914a-6fe572485269",
            "fc153415-d814-4f0e-ae66-1159b65e7888",
            "fd2f926d-2ada-478b-8319-ae4fb5c7eef0"
          ],
          "failures": [],
          "pending": [],
          "skipped": [],
          "duration": 12067,
          "root": false,
          "rootEmpty": false,
          "_timeout": 2000
        },
        {
          "uuid": "1dcadac6-a00b-4c13-9d30-084bf83fcbbd",
          "title": "9 - Crie um botão que, ao ser clicado, limpa o quadro preenchendo a cor de todos seus pixels com branco",
          "fullFile": "",
          "file": "",
          "beforeHooks": [],
          "afterHooks": [],
          "tests": [
            {
              "title": "Verifica se o botão tem o `id` denominado `clear-board`",
              "fullTitle": "9 - Crie um botão que, ao ser clicado, limpa o quadro preenchendo a cor de todos seus pixels com branco Verifica se o botão tem o `id` denominado `clear-board`",
              "timedOut": null,
              "duration": 4339,
              "state": "failed",
              "speed": null,
              "pass": false,
              "fail": true,
              "pending": false,
              "context": null,
              "code": "cy.get('#clear-board').should('be.visible');",
              "err": {
                "message": "CypressError: Timed out retrying: Expected to find element: '#clear-board', but never found it.",
                "estack": "CypressError: Timed out retrying: Expected to find element: '#clear-board', but never found it.\n    at cypressErr (http://localhost:45233/__cypress/runner/cypress_runner.js:149934:9)\n    at throwErr (http://localhost:45233/__cypress/runner/cypress_runner.js:149867:11)\n    at Object.throwErrByPath (http://localhost:45233/__cypress/runner/cypress_runner.js:149915:3)\n    at retry (http://localhost:45233/__cypress/runner/cypress_runner.js:144197:19)\n    at onFailFn (http://localhost:45233/__cypress/runner/cypress_runner.js:132448:16)\n    at tryCatcher (http://localhost:45233/__cypress/runner/cypress_runner.js:167415:23)\n    at Promise._settlePromiseFromHandler (http://localhost:45233/__cypress/runner/cypress_runner.js:165351:31)\n    at Promise._settlePromise (http://localhost:45233/__cypress/runner/cypress_runner.js:165408:18)\n    at Promise._settlePromise0 (http://localhost:45233/__cypress/runner/cypress_runner.js:165453:10)\n    at Promise._settlePromises (http://localhost:45233/__cypress/runner/cypress_runner.js:165528:18)\n    at Async../node_modules/bluebird/js/release/async.js.Async._drainQueue (http://localhost:45233/__cypress/runner/cypress_runner.js:162140:16)\n    at Async../node_modules/bluebird/js/release/async.js.Async._drainQueues (http://localhost:45233/__cypress/runner/cypress_runner.js:162150:10)\n    at Async.drainQueues (http://localhost:45233/__cypress/runner/cypress_runner.js:162024:14)",
                "diff": null
              },
              "uuid": "6749d557-c9d6-4ed5-978c-9fafb5749a94",
              "parentUUID": "1dcadac6-a00b-4c13-9d30-084bf83fcbbd",
              "isHook": false,
              "skipped": false
            },
            {
              "title": "Verifica se o botão está posicionado entre a paleta de cores e o quadro de pixels",
              "fullTitle": "9 - Crie um botão que, ao ser clicado, limpa o quadro preenchendo a cor de todos seus pixels com branco Verifica se o botão está posicionado entre a paleta de cores e o quadro de pixels",
              "timedOut": null,
              "duration": 4408,
              "state": "failed",
              "speed": null,
              "pass": false,
              "fail": true,
              "pending": false,
              "context": null,
              "code": "cy.get('#color-palette').then(function (palette) {\n  cy.get('#clear-board').should('be.belowOf', palette);\n});\ncy.get('#clear-board').then(function (clearBtn) {\n  cy.get('#pixel-board').should('be.belowOf', clearBtn);\n});",
              "err": {
                "message": "CypressError: Timed out retrying: Expected to find element: '#clear-board', but never found it.",
                "estack": "CypressError: Timed out retrying: Expected to find element: '#clear-board', but never found it.\n    at cypressErr (http://localhost:45233/__cypress/runner/cypress_runner.js:149934:9)\n    at throwErr (http://localhost:45233/__cypress/runner/cypress_runner.js:149867:11)\n    at Object.throwErrByPath (http://localhost:45233/__cypress/runner/cypress_runner.js:149915:3)\n    at retry (http://localhost:45233/__cypress/runner/cypress_runner.js:144197:19)\n    at onFailFn (http://localhost:45233/__cypress/runner/cypress_runner.js:132448:16)\n    at tryCatcher (http://localhost:45233/__cypress/runner/cypress_runner.js:167415:23)\n    at Promise._settlePromiseFromHandler (http://localhost:45233/__cypress/runner/cypress_runner.js:165351:31)\n    at Promise._settlePromise (http://localhost:45233/__cypress/runner/cypress_runner.js:165408:18)\n    at Promise._settlePromise0 (http://localhost:45233/__cypress/runner/cypress_runner.js:165453:10)\n    at Promise._settlePromises (http://localhost:45233/__cypress/runner/cypress_runner.js:165528:18)\n    at Async../node_modules/bluebird/js/release/async.js.Async._drainQueue (http://localhost:45233/__cypress/runner/cypress_runner.js:162140:16)\n    at Async../node_modules/bluebird/js/release/async.js.Async._drainQueues (http://localhost:45233/__cypress/runner/cypress_runner.js:162150:10)\n    at Async.drainQueues (http://localhost:45233/__cypress/runner/cypress_runner.js:162024:14)",
                "diff": null
              },
              "uuid": "5e786e6f-cf15-44d2-bedf-cedf9a1247e9",
              "parentUUID": "1dcadac6-a00b-4c13-9d30-084bf83fcbbd",
              "isHook": false,
              "skipped": false
            },
            {
              "title": "Verifica se o texto do botão é 'Limpar'",
              "fullTitle": "9 - Crie um botão que, ao ser clicado, limpa o quadro preenchendo a cor de todos seus pixels com branco Verifica se o texto do botão é 'Limpar'",
              "timedOut": null,
              "duration": 4349,
              "state": "failed",
              "speed": null,
              "pass": false,
              "fail": true,
              "pending": false,
              "context": null,
              "code": "cy.get('#clear-board').should('contain.text', 'Limpar');",
              "err": {
                "message": "CypressError: Timed out retrying: Expected to find element: '#clear-board', but never found it.",
                "estack": "CypressError: Timed out retrying: Expected to find element: '#clear-board', but never found it.\n    at cypressErr (http://localhost:45233/__cypress/runner/cypress_runner.js:149934:9)\n    at throwErr (http://localhost:45233/__cypress/runner/cypress_runner.js:149867:11)\n    at Object.throwErrByPath (http://localhost:45233/__cypress/runner/cypress_runner.js:149915:3)\n    at retry (http://localhost:45233/__cypress/runner/cypress_runner.js:144197:19)\n    at onFailFn (http://localhost:45233/__cypress/runner/cypress_runner.js:132448:16)\n    at tryCatcher (http://localhost:45233/__cypress/runner/cypress_runner.js:167415:23)\n    at Promise._settlePromiseFromHandler (http://localhost:45233/__cypress/runner/cypress_runner.js:165351:31)\n    at Promise._settlePromise (http://localhost:45233/__cypress/runner/cypress_runner.js:165408:18)\n    at Promise._settlePromise0 (http://localhost:45233/__cypress/runner/cypress_runner.js:165453:10)\n    at Promise._settlePromises (http://localhost:45233/__cypress/runner/cypress_runner.js:165528:18)\n    at Async../node_modules/bluebird/js/release/async.js.Async._drainQueue (http://localhost:45233/__cypress/runner/cypress_runner.js:162140:16)\n    at Async../node_modules/bluebird/js/release/async.js.Async._drainQueues (http://localhost:45233/__cypress/runner/cypress_runner.js:162150:10)\n    at Async.drainQueues (http://localhost:45233/__cypress/runner/cypress_runner.js:162024:14)",
                "diff": null
              },
              "uuid": "53796f86-fd7b-4d97-b9e9-bbdd4ac019e4",
              "parentUUID": "1dcadac6-a00b-4c13-9d30-084bf83fcbbd",
              "isHook": false,
              "skipped": false
            },
            {
              "title": "Verifica se ao clicar no botão, o quadro de pixels é totalmente preenchido de branco",
              "fullTitle": "9 - Crie um botão que, ao ser clicado, limpa o quadro preenchendo a cor de todos seus pixels com branco Verifica se ao clicar no botão, o quadro de pixels é totalmente preenchido de branco",
              "timedOut": null,
              "duration": 6485,
              "state": "failed",
              "speed": null,
              "pass": false,
              "fail": true,
              "pending": false,
              "context": null,
              "code": "cy.get('.color').eq(1).then(function (color) {\n  var backgroundColor = color.css('background-color');\n  cy.wrap(color).click();\n  cy.get('.pixel').each(function (pixel) {\n    cy.wrap(pixel).click().should('have.css', 'background-color', backgroundColor);\n  });\n});\ncy.get('#clear-board').click();\ncy.get('.pixel').each(function (pixel) {\n  cy.wrap(pixel).should('have.css', 'background-color', WHITE);\n});",
              "err": {
                "message": "CypressError: Timed out retrying: Expected to find element: '#clear-board', but never found it.",
                "estack": "CypressError: Timed out retrying: Expected to find element: '#clear-board', but never found it.\n    at cypressErr (http://localhost:45233/__cypress/runner/cypress_runner.js:149934:9)\n    at throwErr (http://localhost:45233/__cypress/runner/cypress_runner.js:149867:11)\n    at Object.throwErrByPath (http://localhost:45233/__cypress/runner/cypress_runner.js:149915:3)\n    at retry (http://localhost:45233/__cypress/runner/cypress_runner.js:144197:19)\n    at onFailFn (http://localhost:45233/__cypress/runner/cypress_runner.js:132448:16)\n    at tryCatcher (http://localhost:45233/__cypress/runner/cypress_runner.js:167415:23)\n    at Promise._settlePromiseFromHandler (http://localhost:45233/__cypress/runner/cypress_runner.js:165351:31)\n    at Promise._settlePromise (http://localhost:45233/__cypress/runner/cypress_runner.js:165408:18)\n    at Promise._settlePromise0 (http://localhost:45233/__cypress/runner/cypress_runner.js:165453:10)\n    at Promise._settlePromises (http://localhost:45233/__cypress/runner/cypress_runner.js:165528:18)\n    at Async../node_modules/bluebird/js/release/async.js.Async._drainQueue (http://localhost:45233/__cypress/runner/cypress_runner.js:162140:16)\n    at Async../node_modules/bluebird/js/release/async.js.Async._drainQueues (http://localhost:45233/__cypress/runner/cypress_runner.js:162150:10)\n    at Async.drainQueues (http://localhost:45233/__cypress/runner/cypress_runner.js:162024:14)",
                "diff": null
              },
              "uuid": "d05d6f1a-02d3-4bf2-858c-1f6c40475ff2",
              "parentUUID": "1dcadac6-a00b-4c13-9d30-084bf83fcbbd",
              "isHook": false,
              "skipped": false
            }
          ],
          "suites": [],
          "passes": [],
          "failures": [
            "6749d557-c9d6-4ed5-978c-9fafb5749a94",
            "5e786e6f-cf15-44d2-bedf-cedf9a1247e9",
            "53796f86-fd7b-4d97-b9e9-bbdd4ac019e4",
            "d05d6f1a-02d3-4bf2-858c-1f6c40475ff2"
          ],
          "pending": [],
          "skipped": [],
          "duration": 19581,
          "root": false,
          "rootEmpty": false,
          "_timeout": 2000
        },
        {
          "uuid": "99734c71-cd47-4d1a-b7b7-07c4675e8af8",
          "title": "10 - Crie um input que permita à pessoa usuária preencher um novo tamanho para o quadro de pixels",
          "fullFile": "",
          "file": "",
          "beforeHooks": [],
          "afterHooks": [],
          "tests": [
            {
              "title": "Verifica se existe um input com o id `board-size`",
              "fullTitle": "10 - Crie um input que permita à pessoa usuária preencher um novo tamanho para o quadro de pixels Verifica se existe um input com o id `board-size`",
              "timedOut": null,
              "duration": 4275,
              "state": "failed",
              "speed": null,
              "pass": false,
              "fail": true,
              "pending": false,
              "context": null,
              "code": "cy.get('#board-size').should('be.visible');",
              "err": {
                "message": "CypressError: Timed out retrying: Expected to find element: '#board-size', but never found it.",
                "estack": "CypressError: Timed out retrying: Expected to find element: '#board-size', but never found it.\n    at cypressErr (http://localhost:45233/__cypress/runner/cypress_runner.js:149934:9)\n    at throwErr (http://localhost:45233/__cypress/runner/cypress_runner.js:149867:11)\n    at Object.throwErrByPath (http://localhost:45233/__cypress/runner/cypress_runner.js:149915:3)\n    at retry (http://localhost:45233/__cypress/runner/cypress_runner.js:144197:19)\n    at onFailFn (http://localhost:45233/__cypress/runner/cypress_runner.js:132448:16)\n    at tryCatcher (http://localhost:45233/__cypress/runner/cypress_runner.js:167415:23)\n    at Promise._settlePromiseFromHandler (http://localhost:45233/__cypress/runner/cypress_runner.js:165351:31)\n    at Promise._settlePromise (http://localhost:45233/__cypress/runner/cypress_runner.js:165408:18)\n    at Promise._settlePromise0 (http://localhost:45233/__cypress/runner/cypress_runner.js:165453:10)\n    at Promise._settlePromises (http://localhost:45233/__cypress/runner/cypress_runner.js:165528:18)\n    at Async../node_modules/bluebird/js/release/async.js.Async._drainQueue (http://localhost:45233/__cypress/runner/cypress_runner.js:162140:16)\n    at Async../node_modules/bluebird/js/release/async.js.Async._drainQueues (http://localhost:45233/__cypress/runner/cypress_runner.js:162150:10)\n    at Async.drainQueues (http://localhost:45233/__cypress/runner/cypress_runner.js:162024:14)",
                "diff": null
              },
              "uuid": "b084796b-49f5-4639-8650-76cec69fc98a",
              "parentUUID": "99734c71-cd47-4d1a-b7b7-07c4675e8af8",
              "isHook": false,
              "skipped": false
            },
            {
              "title": "Verifica se existe um botão com o id `generate-board`",
              "fullTitle": "10 - Crie um input que permita à pessoa usuária preencher um novo tamanho para o quadro de pixels Verifica se existe um botão com o id `generate-board`",
              "timedOut": null,
              "duration": 4346,
              "state": "failed",
              "speed": null,
              "pass": false,
              "fail": true,
              "pending": false,
              "context": null,
              "code": "cy.get('#generate-board').should('be.visible');",
              "err": {
                "message": "CypressError: Timed out retrying: Expected to find element: '#generate-board', but never found it.",
                "estack": "CypressError: Timed out retrying: Expected to find element: '#generate-board', but never found it.\n    at cypressErr (http://localhost:45233/__cypress/runner/cypress_runner.js:149934:9)\n    at throwErr (http://localhost:45233/__cypress/runner/cypress_runner.js:149867:11)\n    at Object.throwErrByPath (http://localhost:45233/__cypress/runner/cypress_runner.js:149915:3)\n    at retry (http://localhost:45233/__cypress/runner/cypress_runner.js:144197:19)\n    at onFailFn (http://localhost:45233/__cypress/runner/cypress_runner.js:132448:16)\n    at tryCatcher (http://localhost:45233/__cypress/runner/cypress_runner.js:167415:23)\n    at Promise._settlePromiseFromHandler (http://localhost:45233/__cypress/runner/cypress_runner.js:165351:31)\n    at Promise._settlePromise (http://localhost:45233/__cypress/runner/cypress_runner.js:165408:18)\n    at Promise._settlePromise0 (http://localhost:45233/__cypress/runner/cypress_runner.js:165453:10)\n    at Promise._settlePromises (http://localhost:45233/__cypress/runner/cypress_runner.js:165528:18)\n    at Async../node_modules/bluebird/js/release/async.js.Async._drainQueue (http://localhost:45233/__cypress/runner/cypress_runner.js:162140:16)\n    at Async../node_modules/bluebird/js/release/async.js.Async._drainQueues (http://localhost:45233/__cypress/runner/cypress_runner.js:162150:10)\n    at Async.drainQueues (http://localhost:45233/__cypress/runner/cypress_runner.js:162024:14)",
                "diff": null
              },
              "uuid": "f0fa2a4f-cc2b-4c8a-a37b-950b8a30dd41",
              "parentUUID": "99734c71-cd47-4d1a-b7b7-07c4675e8af8",
              "isHook": false,
              "skipped": false
            },
            {
              "title": "Verifica se o input só aceita número maiores que zero. Essa restrição deve ser feita usando os atributos do elemento `input`",
              "fullTitle": "10 - Crie um input que permita à pessoa usuária preencher um novo tamanho para o quadro de pixels Verifica se o input só aceita número maiores que zero. Essa restrição deve ser feita usando os atributos do elemento `input`",
              "timedOut": null,
              "duration": 4309,
              "state": "failed",
              "speed": null,
              "pass": false,
              "fail": true,
              "pending": false,
              "context": null,
              "code": "cy.get('#board-size[type=\\'number\\'][min=\\'1\\']');",
              "err": {
                "message": "CypressError: Timed out retrying: Expected to find element: '#board-size[type='number'][min='1']', but never found it.",
                "estack": "CypressError: Timed out retrying: Expected to find element: '#board-size[type='number'][min='1']', but never found it.\n    at cypressErr (http://localhost:45233/__cypress/runner/cypress_runner.js:149934:9)\n    at throwErr (http://localhost:45233/__cypress/runner/cypress_runner.js:149867:11)\n    at Object.throwErrByPath (http://localhost:45233/__cypress/runner/cypress_runner.js:149915:3)\n    at retry (http://localhost:45233/__cypress/runner/cypress_runner.js:144197:19)\n    at onFailFn (http://localhost:45233/__cypress/runner/cypress_runner.js:132448:16)\n    at tryCatcher (http://localhost:45233/__cypress/runner/cypress_runner.js:167415:23)\n    at Promise._settlePromiseFromHandler (http://localhost:45233/__cypress/runner/cypress_runner.js:165351:31)\n    at Promise._settlePromise (http://localhost:45233/__cypress/runner/cypress_runner.js:165408:18)\n    at Promise._settlePromise0 (http://localhost:45233/__cypress/runner/cypress_runner.js:165453:10)\n    at Promise._settlePromises (http://localhost:45233/__cypress/runner/cypress_runner.js:165528:18)\n    at Async../node_modules/bluebird/js/release/async.js.Async._drainQueue (http://localhost:45233/__cypress/runner/cypress_runner.js:162140:16)\n    at Async../node_modules/bluebird/js/release/async.js.Async._drainQueues (http://localhost:45233/__cypress/runner/cypress_runner.js:162150:10)\n    at Async.drainQueues (http://localhost:45233/__cypress/runner/cypress_runner.js:162024:14)",
                "diff": null
              },
              "uuid": "01b89039-96b6-4c79-ba79-47aac06db91e",
              "parentUUID": "99734c71-cd47-4d1a-b7b7-07c4675e8af8",
              "isHook": false,
              "skipped": false
            },
            {
              "title": "Verifica se o botão contém o texto 'VQV'",
              "fullTitle": "10 - Crie um input que permita à pessoa usuária preencher um novo tamanho para o quadro de pixels Verifica se o botão contém o texto 'VQV'",
              "timedOut": null,
              "duration": 4311,
              "state": "failed",
              "speed": null,
              "pass": false,
              "fail": true,
              "pending": false,
              "context": null,
              "code": "cy.get('#generate-board').contains(/vqv/i);",
              "err": {
                "message": "CypressError: Timed out retrying: Expected to find element: '#generate-board', but never found it.",
                "estack": "CypressError: Timed out retrying: Expected to find element: '#generate-board', but never found it.\n    at cypressErr (http://localhost:45233/__cypress/runner/cypress_runner.js:149934:9)\n    at throwErr (http://localhost:45233/__cypress/runner/cypress_runner.js:149867:11)\n    at Object.throwErrByPath (http://localhost:45233/__cypress/runner/cypress_runner.js:149915:3)\n    at retry (http://localhost:45233/__cypress/runner/cypress_runner.js:144197:19)\n    at onFailFn (http://localhost:45233/__cypress/runner/cypress_runner.js:132448:16)\n    at tryCatcher (http://localhost:45233/__cypress/runner/cypress_runner.js:167415:23)\n    at Promise._settlePromiseFromHandler (http://localhost:45233/__cypress/runner/cypress_runner.js:165351:31)\n    at Promise._settlePromise (http://localhost:45233/__cypress/runner/cypress_runner.js:165408:18)\n    at Promise._settlePromise0 (http://localhost:45233/__cypress/runner/cypress_runner.js:165453:10)\n    at Promise._settlePromises (http://localhost:45233/__cypress/runner/cypress_runner.js:165528:18)\n    at Async../node_modules/bluebird/js/release/async.js.Async._drainQueue (http://localhost:45233/__cypress/runner/cypress_runner.js:162140:16)\n    at Async../node_modules/bluebird/js/release/async.js.Async._drainQueues (http://localhost:45233/__cypress/runner/cypress_runner.js:162150:10)\n    at Async.drainQueues (http://localhost:45233/__cypress/runner/cypress_runner.js:162024:14)",
                "diff": null
              },
              "uuid": "4cf3ef1e-7648-4545-a73a-0398dceaf86b",
              "parentUUID": "99734c71-cd47-4d1a-b7b7-07c4675e8af8",
              "isHook": false,
              "skipped": false
            },
            {
              "title": "Verifica se o input está posicionado entre a paleta de cores e o quadro de pixels",
              "fullTitle": "10 - Crie um input que permita à pessoa usuária preencher um novo tamanho para o quadro de pixels Verifica se o input está posicionado entre a paleta de cores e o quadro de pixels",
              "timedOut": null,
              "duration": 4321,
              "state": "failed",
              "speed": null,
              "pass": false,
              "fail": true,
              "pending": false,
              "context": null,
              "code": "cy.get('#color-palette').then(function (palette) {\n  cy.get('#board-size').should('be.belowOf', palette);\n});\ncy.get('#board-size').then(function (palette) {\n  cy.get('#pixel-board').should('be.belowOf', palette);\n});",
              "err": {
                "message": "CypressError: Timed out retrying: Expected to find element: '#board-size', but never found it.",
                "estack": "CypressError: Timed out retrying: Expected to find element: '#board-size', but never found it.\n    at cypressErr (http://localhost:45233/__cypress/runner/cypress_runner.js:149934:9)\n    at throwErr (http://localhost:45233/__cypress/runner/cypress_runner.js:149867:11)\n    at Object.throwErrByPath (http://localhost:45233/__cypress/runner/cypress_runner.js:149915:3)\n    at retry (http://localhost:45233/__cypress/runner/cypress_runner.js:144197:19)\n    at onFailFn (http://localhost:45233/__cypress/runner/cypress_runner.js:132448:16)\n    at tryCatcher (http://localhost:45233/__cypress/runner/cypress_runner.js:167415:23)\n    at Promise._settlePromiseFromHandler (http://localhost:45233/__cypress/runner/cypress_runner.js:165351:31)\n    at Promise._settlePromise (http://localhost:45233/__cypress/runner/cypress_runner.js:165408:18)\n    at Promise._settlePromise0 (http://localhost:45233/__cypress/runner/cypress_runner.js:165453:10)\n    at Promise._settlePromises (http://localhost:45233/__cypress/runner/cypress_runner.js:165528:18)\n    at Async../node_modules/bluebird/js/release/async.js.Async._drainQueue (http://localhost:45233/__cypress/runner/cypress_runner.js:162140:16)\n    at Async../node_modules/bluebird/js/release/async.js.Async._drainQueues (http://localhost:45233/__cypress/runner/cypress_runner.js:162150:10)\n    at Async.drainQueues (http://localhost:45233/__cypress/runner/cypress_runner.js:162024:14)",
                "diff": null
              },
              "uuid": "cf650753-3d13-4ca9-bafc-b3422cbcf533",
              "parentUUID": "99734c71-cd47-4d1a-b7b7-07c4675e8af8",
              "isHook": false,
              "skipped": false
            },
            {
              "title": "Verifica se o botão está posicionado ao lado do input",
              "fullTitle": "10 - Crie um input que permita à pessoa usuária preencher um novo tamanho para o quadro de pixels Verifica se o botão está posicionado ao lado do input",
              "timedOut": null,
              "duration": 4397,
              "state": "failed",
              "speed": null,
              "pass": false,
              "fail": true,
              "pending": false,
              "context": null,
              "code": "cy.get('#board-size').then(function (board) {\n  cy.get('#generate-board').should('be.onTheRightOf', board);\n});",
              "err": {
                "message": "CypressError: Timed out retrying: Expected to find element: '#board-size', but never found it.",
                "estack": "CypressError: Timed out retrying: Expected to find element: '#board-size', but never found it.\n    at cypressErr (http://localhost:45233/__cypress/runner/cypress_runner.js:149934:9)\n    at throwErr (http://localhost:45233/__cypress/runner/cypress_runner.js:149867:11)\n    at Object.throwErrByPath (http://localhost:45233/__cypress/runner/cypress_runner.js:149915:3)\n    at retry (http://localhost:45233/__cypress/runner/cypress_runner.js:144197:19)\n    at onFailFn (http://localhost:45233/__cypress/runner/cypress_runner.js:132448:16)\n    at tryCatcher (http://localhost:45233/__cypress/runner/cypress_runner.js:167415:23)\n    at Promise._settlePromiseFromHandler (http://localhost:45233/__cypress/runner/cypress_runner.js:165351:31)\n    at Promise._settlePromise (http://localhost:45233/__cypress/runner/cypress_runner.js:165408:18)\n    at Promise._settlePromise0 (http://localhost:45233/__cypress/runner/cypress_runner.js:165453:10)\n    at Promise._settlePromises (http://localhost:45233/__cypress/runner/cypress_runner.js:165528:18)\n    at Async../node_modules/bluebird/js/release/async.js.Async._drainQueue (http://localhost:45233/__cypress/runner/cypress_runner.js:162140:16)\n    at Async../node_modules/bluebird/js/release/async.js.Async._drainQueues (http://localhost:45233/__cypress/runner/cypress_runner.js:162150:10)\n    at Async.drainQueues (http://localhost:45233/__cypress/runner/cypress_runner.js:162024:14)",
                "diff": null
              },
              "uuid": "0cc23c7d-55df-4a68-a648-f6c6d11de38f",
              "parentUUID": "99734c71-cd47-4d1a-b7b7-07c4675e8af8",
              "isHook": false,
              "skipped": false
            },
            {
              "title": "Verifica se nenhum valor for colocado no input ao clicar no botão, um `alert` é exibido com o texto: 'Board inválido!'",
              "fullTitle": "10 - Crie um input que permita à pessoa usuária preencher um novo tamanho para o quadro de pixels Verifica se nenhum valor for colocado no input ao clicar no botão, um `alert` é exibido com o texto: 'Board inválido!'",
              "timedOut": null,
              "duration": 4344,
              "state": "failed",
              "speed": null,
              "pass": false,
              "fail": true,
              "pending": false,
              "context": null,
              "code": "var alerted = false;\ncy.on('window:alert', function (msg) {\n  return alerted = msg;\n});\ncy.get('#generate-board').click().then(function () {\n  return expect(alerted).to.match(/Board inválido!/i);\n});",
              "err": {
                "message": "CypressError: Timed out retrying: Expected to find element: '#generate-board', but never found it.",
                "estack": "CypressError: Timed out retrying: Expected to find element: '#generate-board', but never found it.\n    at cypressErr (http://localhost:45233/__cypress/runner/cypress_runner.js:149934:9)\n    at throwErr (http://localhost:45233/__cypress/runner/cypress_runner.js:149867:11)\n    at Object.throwErrByPath (http://localhost:45233/__cypress/runner/cypress_runner.js:149915:3)\n    at retry (http://localhost:45233/__cypress/runner/cypress_runner.js:144197:19)\n    at onFailFn (http://localhost:45233/__cypress/runner/cypress_runner.js:132448:16)\n    at tryCatcher (http://localhost:45233/__cypress/runner/cypress_runner.js:167415:23)\n    at Promise._settlePromiseFromHandler (http://localhost:45233/__cypress/runner/cypress_runner.js:165351:31)\n    at Promise._settlePromise (http://localhost:45233/__cypress/runner/cypress_runner.js:165408:18)\n    at Promise._settlePromise0 (http://localhost:45233/__cypress/runner/cypress_runner.js:165453:10)\n    at Promise._settlePromises (http://localhost:45233/__cypress/runner/cypress_runner.js:165528:18)\n    at Async../node_modules/bluebird/js/release/async.js.Async._drainQueue (http://localhost:45233/__cypress/runner/cypress_runner.js:162140:16)\n    at Async../node_modules/bluebird/js/release/async.js.Async._drainQueues (http://localhost:45233/__cypress/runner/cypress_runner.js:162150:10)\n    at Async.drainQueues (http://localhost:45233/__cypress/runner/cypress_runner.js:162024:14)",
                "diff": null
              },
              "uuid": "6a2115bd-c66c-4a18-aec9-fd3b35a86758",
              "parentUUID": "99734c71-cd47-4d1a-b7b7-07c4675e8af8",
              "isHook": false,
              "skipped": false
            },
            {
              "title": "Verifica se ao clicar no botão com um valor preenchido, o tamanho do board muda.",
              "fullTitle": "10 - Crie um input que permita à pessoa usuária preencher um novo tamanho para o quadro de pixels Verifica se ao clicar no botão com um valor preenchido, o tamanho do board muda.",
              "timedOut": null,
              "duration": 4251,
              "state": "failed",
              "speed": null,
              "pass": false,
              "fail": true,
              "pending": false,
              "context": null,
              "code": "cy.get('#board-size').clear().type(10);\ncy.get('#generate-board').click();\ncy.get('.pixel').should('have.length', 100);",
              "err": {
                "message": "CypressError: Timed out retrying: Expected to find element: '#board-size', but never found it.",
                "estack": "CypressError: Timed out retrying: Expected to find element: '#board-size', but never found it.\n    at cypressErr (http://localhost:45233/__cypress/runner/cypress_runner.js:149934:9)\n    at throwErr (http://localhost:45233/__cypress/runner/cypress_runner.js:149867:11)\n    at Object.throwErrByPath (http://localhost:45233/__cypress/runner/cypress_runner.js:149915:3)\n    at retry (http://localhost:45233/__cypress/runner/cypress_runner.js:144197:19)\n    at onFailFn (http://localhost:45233/__cypress/runner/cypress_runner.js:132448:16)\n    at tryCatcher (http://localhost:45233/__cypress/runner/cypress_runner.js:167415:23)\n    at Promise._settlePromiseFromHandler (http://localhost:45233/__cypress/runner/cypress_runner.js:165351:31)\n    at Promise._settlePromise (http://localhost:45233/__cypress/runner/cypress_runner.js:165408:18)\n    at Promise._settlePromise0 (http://localhost:45233/__cypress/runner/cypress_runner.js:165453:10)\n    at Promise._settlePromises (http://localhost:45233/__cypress/runner/cypress_runner.js:165528:18)\n    at Async../node_modules/bluebird/js/release/async.js.Async._drainQueue (http://localhost:45233/__cypress/runner/cypress_runner.js:162140:16)\n    at Async../node_modules/bluebird/js/release/async.js.Async._drainQueues (http://localhost:45233/__cypress/runner/cypress_runner.js:162150:10)\n    at Async.drainQueues (http://localhost:45233/__cypress/runner/cypress_runner.js:162024:14)",
                "diff": null
              },
              "uuid": "c7337dd3-3fc6-4874-9a50-9e8d8c8fda62",
              "parentUUID": "99734c71-cd47-4d1a-b7b7-07c4675e8af8",
              "isHook": false,
              "skipped": false
            },
            {
              "title": "Verifica se o novo quadro tem todos os pixels preenchidos com a cor branca",
              "fullTitle": "10 - Crie um input que permita à pessoa usuária preencher um novo tamanho para o quadro de pixels Verifica se o novo quadro tem todos os pixels preenchidos com a cor branca",
              "timedOut": null,
              "duration": 4284,
              "state": "failed",
              "speed": null,
              "pass": false,
              "fail": true,
              "pending": false,
              "context": null,
              "code": "cy.get('#board-size').clear().type(6);\ncy.get('#generate-board').click();\ncy.get('.pixel').should('have.length', 36).each(function (pixel) {\n  expect(pixel).to.have.css('background-color', WHITE);\n});",
              "err": {
                "message": "CypressError: Timed out retrying: Expected to find element: '#board-size', but never found it.",
                "estack": "CypressError: Timed out retrying: Expected to find element: '#board-size', but never found it.\n    at cypressErr (http://localhost:45233/__cypress/runner/cypress_runner.js:149934:9)\n    at throwErr (http://localhost:45233/__cypress/runner/cypress_runner.js:149867:11)\n    at Object.throwErrByPath (http://localhost:45233/__cypress/runner/cypress_runner.js:149915:3)\n    at retry (http://localhost:45233/__cypress/runner/cypress_runner.js:144197:19)\n    at onFailFn (http://localhost:45233/__cypress/runner/cypress_runner.js:132448:16)\n    at tryCatcher (http://localhost:45233/__cypress/runner/cypress_runner.js:167415:23)\n    at Promise._settlePromiseFromHandler (http://localhost:45233/__cypress/runner/cypress_runner.js:165351:31)\n    at Promise._settlePromise (http://localhost:45233/__cypress/runner/cypress_runner.js:165408:18)\n    at Promise._settlePromise0 (http://localhost:45233/__cypress/runner/cypress_runner.js:165453:10)\n    at Promise._settlePromises (http://localhost:45233/__cypress/runner/cypress_runner.js:165528:18)\n    at Async../node_modules/bluebird/js/release/async.js.Async._drainQueue (http://localhost:45233/__cypress/runner/cypress_runner.js:162140:16)\n    at Async../node_modules/bluebird/js/release/async.js.Async._drainQueues (http://localhost:45233/__cypress/runner/cypress_runner.js:162150:10)\n    at Async.drainQueues (http://localhost:45233/__cypress/runner/cypress_runner.js:162024:14)",
                "diff": null
              },
              "uuid": "a586d361-0180-4871-be6c-34cf54ee413c",
              "parentUUID": "99734c71-cd47-4d1a-b7b7-07c4675e8af8",
              "isHook": false,
              "skipped": false
            }
          ],
          "suites": [],
          "passes": [],
          "failures": [
            "b084796b-49f5-4639-8650-76cec69fc98a",
            "f0fa2a4f-cc2b-4c8a-a37b-950b8a30dd41",
            "01b89039-96b6-4c79-ba79-47aac06db91e",
            "4cf3ef1e-7648-4545-a73a-0398dceaf86b",
            "cf650753-3d13-4ca9-bafc-b3422cbcf533",
            "0cc23c7d-55df-4a68-a648-f6c6d11de38f",
            "6a2115bd-c66c-4a18-aec9-fd3b35a86758",
            "c7337dd3-3fc6-4874-9a50-9e8d8c8fda62",
            "a586d361-0180-4871-be6c-34cf54ee413c"
          ],
          "pending": [],
          "skipped": [],
          "duration": 38838,
          "root": false,
          "rootEmpty": false,
          "_timeout": 2000
        },
        {
          "uuid": "f35dd975-7403-4690-ae1f-5f3f2606eaa3",
          "title": "11 - Crie uma função que limite o tamanho mínimo e máximo do quadro de pixels",
          "fullFile": "",
          "file": "",
          "beforeHooks": [],
          "afterHooks": [],
          "tests": [
            {
              "title": "Verifica se a altura máxima do board é 50",
              "fullTitle": "11 - Crie uma função que limite o tamanho mínimo e máximo do quadro de pixels Verifica se a altura máxima do board é 50",
              "timedOut": null,
              "duration": 4279,
              "state": "failed",
              "speed": null,
              "pass": false,
              "fail": true,
              "pending": false,
              "context": null,
              "code": "cy.get('#board-size').clear().type(50);\ncy.get('#generate-board').click();\ncy.get('.pixel').should('have.length', 2500);",
              "err": {
                "message": "CypressError: Timed out retrying: Expected to find element: '#board-size', but never found it.",
                "estack": "CypressError: Timed out retrying: Expected to find element: '#board-size', but never found it.\n    at cypressErr (http://localhost:45233/__cypress/runner/cypress_runner.js:149934:9)\n    at throwErr (http://localhost:45233/__cypress/runner/cypress_runner.js:149867:11)\n    at Object.throwErrByPath (http://localhost:45233/__cypress/runner/cypress_runner.js:149915:3)\n    at retry (http://localhost:45233/__cypress/runner/cypress_runner.js:144197:19)\n    at onFailFn (http://localhost:45233/__cypress/runner/cypress_runner.js:132448:16)\n    at tryCatcher (http://localhost:45233/__cypress/runner/cypress_runner.js:167415:23)\n    at Promise._settlePromiseFromHandler (http://localhost:45233/__cypress/runner/cypress_runner.js:165351:31)\n    at Promise._settlePromise (http://localhost:45233/__cypress/runner/cypress_runner.js:165408:18)\n    at Promise._settlePromise0 (http://localhost:45233/__cypress/runner/cypress_runner.js:165453:10)\n    at Promise._settlePromises (http://localhost:45233/__cypress/runner/cypress_runner.js:165528:18)\n    at Async../node_modules/bluebird/js/release/async.js.Async._drainQueue (http://localhost:45233/__cypress/runner/cypress_runner.js:162140:16)\n    at Async../node_modules/bluebird/js/release/async.js.Async._drainQueues (http://localhost:45233/__cypress/runner/cypress_runner.js:162150:10)\n    at Async.drainQueues (http://localhost:45233/__cypress/runner/cypress_runner.js:162024:14)",
                "diff": null
              },
              "uuid": "d8b494a3-2d4b-41fd-9a68-f18bc37c4830",
              "parentUUID": "f35dd975-7403-4690-ae1f-5f3f2606eaa3",
              "isHook": false,
              "skipped": false
            },
            {
              "title": "Verifica se a altura do board é 5 quando um valor menor é colocado no input",
              "fullTitle": "11 - Crie uma função que limite o tamanho mínimo e máximo do quadro de pixels Verifica se a altura do board é 5 quando um valor menor é colocado no input",
              "timedOut": null,
              "duration": 4307,
              "state": "failed",
              "speed": null,
              "pass": false,
              "fail": true,
              "pending": false,
              "context": null,
              "code": "cy.get('#board-size').clear().type(4);\ncy.get('#generate-board').click();\ncy.get('.pixel').should('have.length', 25);",
              "err": {
                "message": "CypressError: Timed out retrying: Expected to find element: '#board-size', but never found it.",
                "estack": "CypressError: Timed out retrying: Expected to find element: '#board-size', but never found it.\n    at cypressErr (http://localhost:45233/__cypress/runner/cypress_runner.js:149934:9)\n    at throwErr (http://localhost:45233/__cypress/runner/cypress_runner.js:149867:11)\n    at Object.throwErrByPath (http://localhost:45233/__cypress/runner/cypress_runner.js:149915:3)\n    at retry (http://localhost:45233/__cypress/runner/cypress_runner.js:144197:19)\n    at onFailFn (http://localhost:45233/__cypress/runner/cypress_runner.js:132448:16)\n    at tryCatcher (http://localhost:45233/__cypress/runner/cypress_runner.js:167415:23)\n    at Promise._settlePromiseFromHandler (http://localhost:45233/__cypress/runner/cypress_runner.js:165351:31)\n    at Promise._settlePromise (http://localhost:45233/__cypress/runner/cypress_runner.js:165408:18)\n    at Promise._settlePromise0 (http://localhost:45233/__cypress/runner/cypress_runner.js:165453:10)\n    at Promise._settlePromises (http://localhost:45233/__cypress/runner/cypress_runner.js:165528:18)\n    at Async../node_modules/bluebird/js/release/async.js.Async._drainQueue (http://localhost:45233/__cypress/runner/cypress_runner.js:162140:16)\n    at Async../node_modules/bluebird/js/release/async.js.Async._drainQueues (http://localhost:45233/__cypress/runner/cypress_runner.js:162150:10)\n    at Async.drainQueues (http://localhost:45233/__cypress/runner/cypress_runner.js:162024:14)",
                "diff": null
              },
              "uuid": "f74881f1-eab4-4f9a-89dc-db0529a3f957",
              "parentUUID": "f35dd975-7403-4690-ae1f-5f3f2606eaa3",
              "isHook": false,
              "skipped": false
            },
            {
              "title": "Verifica se a altura do board é 50 quando um valor maior é colocado no input",
              "fullTitle": "11 - Crie uma função que limite o tamanho mínimo e máximo do quadro de pixels Verifica se a altura do board é 50 quando um valor maior é colocado no input",
              "timedOut": null,
              "duration": 4392,
              "state": "failed",
              "speed": null,
              "pass": false,
              "fail": true,
              "pending": false,
              "context": null,
              "code": "cy.get('#board-size').clear().type(51);\ncy.get('#generate-board').click();\ncy.get('.pixel').should('have.length', 2500);",
              "err": {
                "message": "CypressError: Timed out retrying: Expected to find element: '#board-size', but never found it.",
                "estack": "CypressError: Timed out retrying: Expected to find element: '#board-size', but never found it.\n    at cypressErr (http://localhost:45233/__cypress/runner/cypress_runner.js:149934:9)\n    at throwErr (http://localhost:45233/__cypress/runner/cypress_runner.js:149867:11)\n    at Object.throwErrByPath (http://localhost:45233/__cypress/runner/cypress_runner.js:149915:3)\n    at retry (http://localhost:45233/__cypress/runner/cypress_runner.js:144197:19)\n    at onFailFn (http://localhost:45233/__cypress/runner/cypress_runner.js:132448:16)\n    at tryCatcher (http://localhost:45233/__cypress/runner/cypress_runner.js:167415:23)\n    at Promise._settlePromiseFromHandler (http://localhost:45233/__cypress/runner/cypress_runner.js:165351:31)\n    at Promise._settlePromise (http://localhost:45233/__cypress/runner/cypress_runner.js:165408:18)\n    at Promise._settlePromise0 (http://localhost:45233/__cypress/runner/cypress_runner.js:165453:10)\n    at Promise._settlePromises (http://localhost:45233/__cypress/runner/cypress_runner.js:165528:18)\n    at Async../node_modules/bluebird/js/release/async.js.Async._drainQueue (http://localhost:45233/__cypress/runner/cypress_runner.js:162140:16)\n    at Async../node_modules/bluebird/js/release/async.js.Async._drainQueues (http://localhost:45233/__cypress/runner/cypress_runner.js:162150:10)\n    at Async.drainQueues (http://localhost:45233/__cypress/runner/cypress_runner.js:162024:14)",
                "diff": null
              },
              "uuid": "034a4baa-dd4c-49e0-b809-c57674dcf8ca",
              "parentUUID": "f35dd975-7403-4690-ae1f-5f3f2606eaa3",
              "isHook": false,
              "skipped": false
            }
          ],
          "suites": [],
          "passes": [],
          "failures": [
            "d8b494a3-2d4b-41fd-9a68-f18bc37c4830",
            "f74881f1-eab4-4f9a-89dc-db0529a3f957",
            "034a4baa-dd4c-49e0-b809-c57674dcf8ca"
          ],
          "pending": [],
          "skipped": [],
          "duration": 12978,
          "root": false,
          "rootEmpty": false,
          "_timeout": 2000
        },
        {
          "uuid": "d7d8357c-57d2-48a4-abec-6ac7041bcaa2",
          "title": "12 - Crie uma função para gerar as cores aleatoriamente ao carregar a página, com exceção da cor preta",
          "fullFile": "",
          "file": "",
          "beforeHooks": [],
          "afterHooks": [],
          "tests": [
            {
              "title": "Verifica se as cores geradas na paleta são diferentes a cada carregamento da página",
              "fullTitle": "12 - Crie uma função para gerar as cores aleatoriamente ao carregar a página, com exceção da cor preta Verifica se as cores geradas na paleta são diferentes a cada carregamento da página",
              "timedOut": null,
              "duration": 314,
              "state": "failed",
              "speed": null,
              "pass": false,
              "fail": true,
              "pending": false,
              "context": null,
              "code": "cy.get('.color').then(function (colors) {\n  var currentColors;\n  var previousColors;\n  previousColors = Array.from(colors).map(function (color) {\n    return Cypress.$(color).css('background-color');\n  });\n  for (var i = 0; i < 5; i += 1) {\n    cy.reload();\n    cy.get('.color').then(function (colors) {\n      currentColors = Array.from(colors).map(function (color) {\n        return Cypress.$(color).css('background-color');\n      });\n      expect(currentColors).not.to.deep.equal(previousColors);\n      previousColors = currentColors;\n    });\n  }\n});",
              "err": {
                "message": "AssertionError: expected [ Array(4) ] to not deeply equal [ Array(4) ]",
                "estack": "AssertionError: expected [ Array(4) ] to not deeply equal [ Array(4) ]\n    at getRet (http://localhost:45233/__cypress/runner/cypress_runner.js:136585:16)\n    at tryCatcher (http://localhost:45233/__cypress/runner/cypress_runner.js:167415:23)\n    at Function.Promise.attempt.Promise.try (http://localhost:45233/__cypress/runner/cypress_runner.js:164690:29)\n    at Context.thenFn (http://localhost:45233/__cypress/runner/cypress_runner.js:136599:23)\n    at Context.then (http://localhost:45233/__cypress/runner/cypress_runner.js:136971:21)\n    at Context.<anonymous> (http://localhost:45233/__cypress/runner/cypress_runner.js:148875:21)\n    at http://localhost:45233/__cypress/runner/cypress_runner.js:148351:33\n    at tryCatcher (http://localhost:45233/__cypress/runner/cypress_runner.js:167415:23)\n    at Promise._settlePromiseFromHandler (http://localhost:45233/__cypress/runner/cypress_runner.js:165351:31)\n    at Promise._settlePromise (http://localhost:45233/__cypress/runner/cypress_runner.js:165408:18)\n    at Promise._settlePromiseCtx (http://localhost:45233/__cypress/runner/cypress_runner.js:165445:10)\n    at Async../node_modules/bluebird/js/release/async.js.Async._drainQueue (http://localhost:45233/__cypress/runner/cypress_runner.js:162145:12)\n    at Async../node_modules/bluebird/js/release/async.js.Async._drainQueues (http://localhost:45233/__cypress/runner/cypress_runner.js:162150:10)\n    at Async.drainQueues (http://localhost:45233/__cypress/runner/cypress_runner.js:162024:14)",
                "diff": ""
              },
              "uuid": "b4fd4902-59cd-4793-898a-d91e00cede77",
              "parentUUID": "d7d8357c-57d2-48a4-abec-6ac7041bcaa2",
              "isHook": false,
              "skipped": false
            },
            {
              "title": "Verifica se a cor preta ainda está presente e é a primeira na sua paleta de cores",
              "fullTitle": "12 - Crie uma função para gerar as cores aleatoriamente ao carregar a página, com exceção da cor preta Verifica se a cor preta ainda está presente e é a primeira na sua paleta de cores",
              "timedOut": null,
              "duration": 322,
              "state": "failed",
              "speed": null,
              "pass": false,
              "fail": true,
              "pending": false,
              "context": null,
              "code": "cy.get('.color').then(function (colors) {\n  var currentColors;\n  var previousColors;\n  previousColors = Array.from(colors).map(function (color) {\n    return Cypress.$(color).css('background-color');\n  });\n  expect(previousColors[0]).to.eq(BLACK);\n  for (var i = 0; i < 5; i += 1) {\n    cy.reload();\n    cy.get('.color').then(function (colors) {\n      currentColors = Array.from(colors).map(function (color) {\n        return Cypress.$(color).css('background-color');\n      });\n      expect(currentColors[0]).to.eq(BLACK);\n      expect(currentColors).not.to.deep.equal(previousColors);\n      previousColors = currentColors;\n    });\n  }\n});",
              "err": {
                "message": "AssertionError: expected [ Array(4) ] to not deeply equal [ Array(4) ]",
                "estack": "AssertionError: expected [ Array(4) ] to not deeply equal [ Array(4) ]\n    at getRet (http://localhost:45233/__cypress/runner/cypress_runner.js:136585:16)\n    at tryCatcher (http://localhost:45233/__cypress/runner/cypress_runner.js:167415:23)\n    at Function.Promise.attempt.Promise.try (http://localhost:45233/__cypress/runner/cypress_runner.js:164690:29)\n    at Context.thenFn (http://localhost:45233/__cypress/runner/cypress_runner.js:136599:23)\n    at Context.then (http://localhost:45233/__cypress/runner/cypress_runner.js:136971:21)\n    at Context.<anonymous> (http://localhost:45233/__cypress/runner/cypress_runner.js:148875:21)\n    at http://localhost:45233/__cypress/runner/cypress_runner.js:148351:33\n    at tryCatcher (http://localhost:45233/__cypress/runner/cypress_runner.js:167415:23)\n    at Promise._settlePromiseFromHandler (http://localhost:45233/__cypress/runner/cypress_runner.js:165351:31)\n    at Promise._settlePromise (http://localhost:45233/__cypress/runner/cypress_runner.js:165408:18)\n    at Promise._settlePromiseCtx (http://localhost:45233/__cypress/runner/cypress_runner.js:165445:10)\n    at Async../node_modules/bluebird/js/release/async.js.Async._drainQueue (http://localhost:45233/__cypress/runner/cypress_runner.js:162145:12)\n    at Async../node_modules/bluebird/js/release/async.js.Async._drainQueues (http://localhost:45233/__cypress/runner/cypress_runner.js:162150:10)\n    at Async.drainQueues (http://localhost:45233/__cypress/runner/cypress_runner.js:162024:14)",
                "diff": ""
              },
              "uuid": "d4bf48b7-2893-4716-bffc-8dce2bb7909a",
              "parentUUID": "d7d8357c-57d2-48a4-abec-6ac7041bcaa2",
              "isHook": false,
              "skipped": false
            }
          ],
          "suites": [],
          "passes": [],
          "failures": [
            "b4fd4902-59cd-4793-898a-d91e00cede77",
            "d4bf48b7-2893-4716-bffc-8dce2bb7909a"
          ],
          "pending": [],
          "skipped": [],
          "duration": 636,
          "root": false,
          "rootEmpty": false,
          "_timeout": 2000
        }
      ],
      "passes": [],
      "failures": [],
      "pending": [],
      "skipped": [],
      "duration": 0,
      "root": true,
      "rootEmpty": true,
      "_timeout": 2000
    }
  ],
  "meta": {
    "mocha": {
      "version": "7.0.1"
    },
    "mochawesome": {
      "options": {
        "quiet": false,
        "reportFilename": "mochawesome",
        "saveHtml": false,
        "saveJson": true,
        "consoleReporter": "spec",
        "useInlineDiffs": false
      },
      "version": "4.1.0"
    },
    "marge": {
      "options": {
        "id": "default",
        "reportDir": "cypress/reports",
        "overwrite": true,
        "html": false,
        "json": true
      },
      "version": "4.1.0"
    }
  }
}